{"/media/omo/Stuff/myprojects/GuriRaadi/src/tests/Home.spec.ts":{"path":"/media/omo/Stuff/myprojects/GuriRaadi/src/tests/Home.spec.ts","statementMap":{"0":{"start":{"line":2,"column":22},"end":{"line":12,"column":3}},"1":{"start":{"line":3,"column":4},"end":{"line":3,"column":33}},"2":{"start":{"line":3,"column":26},"end":{"line":3,"column":33}},"3":{"start":{"line":4,"column":15},"end":{"line":4,"column":52}},"4":{"start":{"line":5,"column":4},"end":{"line":7,"column":5}},"5":{"start":{"line":6,"column":6},"end":{"line":6,"column":68}},"6":{"start":{"line":6,"column":51},"end":{"line":6,"column":63}},"7":{"start":{"line":8,"column":4},"end":{"line":8,"column":39}},"8":{"start":{"line":10,"column":4},"end":{"line":10,"column":33}},"9":{"start":{"line":10,"column":26},"end":{"line":10,"column":33}},"10":{"start":{"line":11,"column":4},"end":{"line":11,"column":17}},"11":{"start":{"line":13,"column":25},"end":{"line":17,"column":2}},"12":{"start":{"line":14,"column":4},"end":{"line":14,"column":72}},"13":{"start":{"line":16,"column":4},"end":{"line":16,"column":21}},"14":{"start":{"line":18,"column":19},"end":{"line":24,"column":1}},"15":{"start":{"line":19,"column":4},"end":{"line":19,"column":42}},"16":{"start":{"line":19,"column":31},"end":{"line":19,"column":42}},"17":{"start":{"line":20,"column":17},"end":{"line":20,"column":19}},"18":{"start":{"line":21,"column":4},"end":{"line":21,"column":141}},"19":{"start":{"line":21,"column":21},"end":{"line":21,"column":141}},"20":{"start":{"line":21,"column":40},"end":{"line":21,"column":141}},"21":{"start":{"line":21,"column":109},"end":{"line":21,"column":141}},"22":{"start":{"line":22,"column":4},"end":{"line":22,"column":36}},"23":{"start":{"line":23,"column":4},"end":{"line":23,"column":18}},"24":{"start":{"line":25,"column":16},"end":{"line":33,"column":1}},"25":{"start":{"line":26,"column":28},"end":{"line":26,"column":110}},"26":{"start":{"line":26,"column":91},"end":{"line":26,"column":106}},"27":{"start":{"line":27,"column":4},"end":{"line":32,"column":7}},"28":{"start":{"line":28,"column":36},"end":{"line":28,"column":97}},"29":{"start":{"line":28,"column":42},"end":{"line":28,"column":70}},"30":{"start":{"line":28,"column":85},"end":{"line":28,"column":95}},"31":{"start":{"line":29,"column":35},"end":{"line":29,"column":100}},"32":{"start":{"line":29,"column":41},"end":{"line":29,"column":73}},"33":{"start":{"line":29,"column":88},"end":{"line":29,"column":98}},"34":{"start":{"line":30,"column":32},"end":{"line":30,"column":116}},"35":{"start":{"line":31,"column":8},"end":{"line":31,"column":78}},"36":{"start":{"line":34,"column":22},"end":{"line":36,"column":1}},"37":{"start":{"line":35,"column":4},"end":{"line":35,"column":62}},"38":{"start":{"line":37,"column":0},"end":{"line":37,"column":62}},"39":{"start":{"line":38,"column":13},"end":{"line":38,"column":42}},"40":{"start":{"line":39,"column":23},"end":{"line":39,"column":50}},"41":{"start":{"line":40,"column":13},"end":{"line":40,"column":65}},"42":{"start":{"line":41,"column":26},"end":{"line":41,"column":95}},"43":{"start":{"line":42,"column":15},"end":{"line":42,"column":38}},"44":{"start":{"line":43,"column":23},"end":{"line":43,"column":77}},"45":{"start":{"line":44,"column":23},"end":{"line":44,"column":77}},"46":{"start":{"line":45,"column":15},"end":{"line":45,"column":26}},"47":{"start":{"line":46,"column":0},"end":{"line":46,"column":25}},"48":{"start":{"line":47,"column":0},"end":{"line":68,"column":3}},"49":{"start":{"line":48,"column":4},"end":{"line":57,"column":7}},"50":{"start":{"line":49,"column":8},"end":{"line":56,"column":12}},"51":{"start":{"line":49,"column":31},"end":{"line":56,"column":10}},"52":{"start":{"line":50,"column":12},"end":{"line":55,"column":16}},"53":{"start":{"line":50,"column":75},"end":{"line":55,"column":14}},"54":{"start":{"line":51,"column":35},"end":{"line":51,"column":87}},"55":{"start":{"line":52,"column":35},"end":{"line":52,"column":87}},"56":{"start":{"line":53,"column":16},"end":{"line":53,"column":47}},"57":{"start":{"line":54,"column":16},"end":{"line":54,"column":47}},"58":{"start":{"line":58,"column":4},"end":{"line":67,"column":7}},"59":{"start":{"line":59,"column":8},"end":{"line":66,"column":12}},"60":{"start":{"line":59,"column":29},"end":{"line":66,"column":10}},"61":{"start":{"line":60,"column":12},"end":{"line":65,"column":16}},"62":{"start":{"line":60,"column":73},"end":{"line":65,"column":14}},"63":{"start":{"line":61,"column":35},"end":{"line":61,"column":87}},"64":{"start":{"line":62,"column":35},"end":{"line":62,"column":87}},"65":{"start":{"line":63,"column":16},"end":{"line":63,"column":46}},"66":{"start":{"line":64,"column":16},"end":{"line":64,"column":46}},"67":{"start":{"line":69,"column":0},"end":{"line":103,"column":3}},"68":{"start":{"line":72,"column":4},"end":{"line":93,"column":7}},"69":{"start":{"line":73,"column":8},"end":{"line":82,"column":10}},"70":{"start":{"line":83,"column":8},"end":{"line":92,"column":10}},"71":{"start":{"line":94,"column":4},"end":{"line":102,"column":8}},"72":{"start":{"line":94,"column":30},"end":{"line":102,"column":6}},"73":{"start":{"line":95,"column":30},"end":{"line":95,"column":67}},"74":{"start":{"line":96,"column":8},"end":{"line":97,"column":34}},"75":{"start":{"line":97,"column":12},"end":{"line":97,"column":34}},"76":{"start":{"line":98,"column":21},"end":{"line":98,"column":58}},"77":{"start":{"line":99,"column":8},"end":{"line":99,"column":40}},"78":{"start":{"line":100,"column":8},"end":{"line":100,"column":39}},"79":{"start":{"line":101,"column":8},"end":{"line":101,"column":43}},"80":{"start":{"line":105,"column":4},"end":{"line":111,"column":5}},"81":{"start":{"line":106,"column":8},"end":{"line":106,"column":15}},"82":{"start":{"line":107,"column":8},"end":{"line":107,"column":15}},"83":{"start":{"line":110,"column":8},"end":{"line":110,"column":20}}},"fnMap":{"0":{"name":"(anonymous_0)","decl":{"start":{"line":2,"column":74},"end":{"line":2,"column":75}},"loc":{"start":{"line":2,"column":96},"end":{"line":9,"column":1}},"line":2},"1":{"name":"(anonymous_1)","decl":{"start":{"line":6,"column":38},"end":{"line":6,"column":39}},"loc":{"start":{"line":6,"column":49},"end":{"line":6,"column":65}},"line":6},"2":{"name":"(anonymous_2)","decl":{"start":{"line":9,"column":6},"end":{"line":9,"column":7}},"loc":{"start":{"line":9,"column":28},"end":{"line":12,"column":1}},"line":9},"3":{"name":"(anonymous_3)","decl":{"start":{"line":13,"column":80},"end":{"line":13,"column":81}},"loc":{"start":{"line":13,"column":95},"end":{"line":15,"column":1}},"line":13},"4":{"name":"(anonymous_4)","decl":{"start":{"line":15,"column":5},"end":{"line":15,"column":6}},"loc":{"start":{"line":15,"column":20},"end":{"line":17,"column":1}},"line":15},"5":{"name":"(anonymous_5)","decl":{"start":{"line":18,"column":50},"end":{"line":18,"column":51}},"loc":{"start":{"line":18,"column":65},"end":{"line":24,"column":1}},"line":18},"6":{"name":"(anonymous_6)","decl":{"start":{"line":25,"column":44},"end":{"line":25,"column":45}},"loc":{"start":{"line":25,"column":89},"end":{"line":33,"column":1}},"line":25},"7":{"name":"adopt","decl":{"start":{"line":26,"column":13},"end":{"line":26,"column":18}},"loc":{"start":{"line":26,"column":26},"end":{"line":26,"column":112}},"line":26},"8":{"name":"(anonymous_8)","decl":{"start":{"line":26,"column":70},"end":{"line":26,"column":71}},"loc":{"start":{"line":26,"column":89},"end":{"line":26,"column":108}},"line":26},"9":{"name":"(anonymous_9)","decl":{"start":{"line":27,"column":36},"end":{"line":27,"column":37}},"loc":{"start":{"line":27,"column":63},"end":{"line":32,"column":5}},"line":27},"10":{"name":"fulfilled","decl":{"start":{"line":28,"column":17},"end":{"line":28,"column":26}},"loc":{"start":{"line":28,"column":34},"end":{"line":28,"column":99}},"line":28},"11":{"name":"rejected","decl":{"start":{"line":29,"column":17},"end":{"line":29,"column":25}},"loc":{"start":{"line":29,"column":33},"end":{"line":29,"column":102}},"line":29},"12":{"name":"step","decl":{"start":{"line":30,"column":17},"end":{"line":30,"column":21}},"loc":{"start":{"line":30,"column":30},"end":{"line":30,"column":118}},"line":30},"13":{"name":"(anonymous_13)","decl":{"start":{"line":34,"column":56},"end":{"line":34,"column":57}},"loc":{"start":{"line":34,"column":71},"end":{"line":36,"column":1}},"line":34},"14":{"name":"(anonymous_14)","decl":{"start":{"line":47,"column":28},"end":{"line":47,"column":29}},"loc":{"start":{"line":47,"column":34},"end":{"line":68,"column":1}},"line":47},"15":{"name":"(anonymous_15)","decl":{"start":{"line":48,"column":30},"end":{"line":48,"column":31}},"loc":{"start":{"line":48,"column":36},"end":{"line":57,"column":5}},"line":48},"16":{"name":"(anonymous_16)","decl":{"start":{"line":49,"column":25},"end":{"line":49,"column":26}},"loc":{"start":{"line":49,"column":31},"end":{"line":56,"column":10}},"line":49},"17":{"name":"(anonymous_17)","decl":{"start":{"line":49,"column":65},"end":{"line":49,"column":66}},"loc":{"start":{"line":49,"column":78},"end":{"line":56,"column":9}},"line":49},"18":{"name":"(anonymous_18)","decl":{"start":{"line":50,"column":69},"end":{"line":50,"column":70}},"loc":{"start":{"line":50,"column":75},"end":{"line":55,"column":14}},"line":50},"19":{"name":"(anonymous_19)","decl":{"start":{"line":50,"column":109},"end":{"line":50,"column":110}},"loc":{"start":{"line":50,"column":122},"end":{"line":55,"column":13}},"line":50},"20":{"name":"(anonymous_20)","decl":{"start":{"line":58,"column":36},"end":{"line":58,"column":37}},"loc":{"start":{"line":58,"column":42},"end":{"line":67,"column":5}},"line":58},"21":{"name":"(anonymous_21)","decl":{"start":{"line":59,"column":23},"end":{"line":59,"column":24}},"loc":{"start":{"line":59,"column":29},"end":{"line":66,"column":10}},"line":59},"22":{"name":"(anonymous_22)","decl":{"start":{"line":59,"column":63},"end":{"line":59,"column":64}},"loc":{"start":{"line":59,"column":76},"end":{"line":66,"column":9}},"line":59},"23":{"name":"(anonymous_23)","decl":{"start":{"line":60,"column":67},"end":{"line":60,"column":68}},"loc":{"start":{"line":60,"column":73},"end":{"line":65,"column":14}},"line":60},"24":{"name":"(anonymous_24)","decl":{"start":{"line":60,"column":107},"end":{"line":60,"column":108}},"loc":{"start":{"line":60,"column":120},"end":{"line":65,"column":13}},"line":60},"25":{"name":"(anonymous_25)","decl":{"start":{"line":69,"column":29},"end":{"line":69,"column":30}},"loc":{"start":{"line":69,"column":35},"end":{"line":103,"column":1}},"line":69},"26":{"name":"(anonymous_26)","decl":{"start":{"line":72,"column":11},"end":{"line":72,"column":12}},"loc":{"start":{"line":72,"column":17},"end":{"line":93,"column":5}},"line":72},"27":{"name":"(anonymous_27)","decl":{"start":{"line":94,"column":24},"end":{"line":94,"column":25}},"loc":{"start":{"line":94,"column":30},"end":{"line":102,"column":6}},"line":94},"28":{"name":"(anonymous_28)","decl":{"start":{"line":94,"column":64},"end":{"line":94,"column":65}},"loc":{"start":{"line":94,"column":77},"end":{"line":102,"column":5}},"line":94},"29":{"name":"asyncExpect","decl":{"start":{"line":104,"column":9},"end":{"line":104,"column":20}},"loc":{"start":{"line":104,"column":33},"end":{"line":112,"column":1}},"line":104}},"branchMap":{"0":{"loc":{"start":{"line":2,"column":22},"end":{"line":12,"column":3}},"type":"binary-expr","locations":[{"start":{"line":2,"column":23},"end":{"line":2,"column":27}},{"start":{"line":2,"column":31},"end":{"line":2,"column":51}},{"start":{"line":2,"column":57},"end":{"line":12,"column":2}}],"line":2},"1":{"loc":{"start":{"line":2,"column":57},"end":{"line":12,"column":2}},"type":"cond-expr","locations":[{"start":{"line":2,"column":74},"end":{"line":9,"column":1}},{"start":{"line":9,"column":6},"end":{"line":12,"column":1}}],"line":2},"2":{"loc":{"start":{"line":3,"column":4},"end":{"line":3,"column":33}},"type":"if","locations":[{"start":{"line":3,"column":4},"end":{"line":3,"column":33}},{"start":{"line":3,"column":4},"end":{"line":3,"column":33}}],"line":3},"3":{"loc":{"start":{"line":5,"column":4},"end":{"line":7,"column":5}},"type":"if","locations":[{"start":{"line":5,"column":4},"end":{"line":7,"column":5}},{"start":{"line":5,"column":4},"end":{"line":7,"column":5}}],"line":5},"4":{"loc":{"start":{"line":5,"column":8},"end":{"line":5,"column":85}},"type":"binary-expr","locations":[{"start":{"line":5,"column":8},"end":{"line":5,"column":13}},{"start":{"line":5,"column":18},"end":{"line":5,"column":84}}],"line":5},"5":{"loc":{"start":{"line":5,"column":18},"end":{"line":5,"column":84}},"type":"cond-expr","locations":[{"start":{"line":5,"column":34},"end":{"line":5,"column":47}},{"start":{"line":5,"column":50},"end":{"line":5,"column":84}}],"line":5},"6":{"loc":{"start":{"line":5,"column":50},"end":{"line":5,"column":84}},"type":"binary-expr","locations":[{"start":{"line":5,"column":50},"end":{"line":5,"column":63}},{"start":{"line":5,"column":67},"end":{"line":5,"column":84}}],"line":5},"7":{"loc":{"start":{"line":10,"column":4},"end":{"line":10,"column":33}},"type":"if","locations":[{"start":{"line":10,"column":4},"end":{"line":10,"column":33}},{"start":{"line":10,"column":4},"end":{"line":10,"column":33}}],"line":10},"8":{"loc":{"start":{"line":13,"column":25},"end":{"line":17,"column":2}},"type":"binary-expr","locations":[{"start":{"line":13,"column":26},"end":{"line":13,"column":30}},{"start":{"line":13,"column":34},"end":{"line":13,"column":57}},{"start":{"line":13,"column":63},"end":{"line":17,"column":1}}],"line":13},"9":{"loc":{"start":{"line":13,"column":63},"end":{"line":17,"column":1}},"type":"cond-expr","locations":[{"start":{"line":13,"column":80},"end":{"line":15,"column":1}},{"start":{"line":15,"column":5},"end":{"line":17,"column":1}}],"line":13},"10":{"loc":{"start":{"line":18,"column":19},"end":{"line":24,"column":1}},"type":"binary-expr","locations":[{"start":{"line":18,"column":20},"end":{"line":18,"column":24}},{"start":{"line":18,"column":28},"end":{"line":18,"column":45}},{"start":{"line":18,"column":50},"end":{"line":24,"column":1}}],"line":18},"11":{"loc":{"start":{"line":19,"column":4},"end":{"line":19,"column":42}},"type":"if","locations":[{"start":{"line":19,"column":4},"end":{"line":19,"column":42}},{"start":{"line":19,"column":4},"end":{"line":19,"column":42}}],"line":19},"12":{"loc":{"start":{"line":19,"column":8},"end":{"line":19,"column":29}},"type":"binary-expr","locations":[{"start":{"line":19,"column":8},"end":{"line":19,"column":11}},{"start":{"line":19,"column":15},"end":{"line":19,"column":29}}],"line":19},"13":{"loc":{"start":{"line":21,"column":4},"end":{"line":21,"column":141}},"type":"if","locations":[{"start":{"line":21,"column":4},"end":{"line":21,"column":141}},{"start":{"line":21,"column":4},"end":{"line":21,"column":141}}],"line":21},"14":{"loc":{"start":{"line":21,"column":40},"end":{"line":21,"column":141}},"type":"if","locations":[{"start":{"line":21,"column":40},"end":{"line":21,"column":141}},{"start":{"line":21,"column":40},"end":{"line":21,"column":141}}],"line":21},"15":{"loc":{"start":{"line":21,"column":44},"end":{"line":21,"column":107}},"type":"binary-expr","locations":[{"start":{"line":21,"column":44},"end":{"line":21,"column":59}},{"start":{"line":21,"column":63},"end":{"line":21,"column":107}}],"line":21},"16":{"loc":{"start":{"line":25,"column":16},"end":{"line":33,"column":1}},"type":"binary-expr","locations":[{"start":{"line":25,"column":17},"end":{"line":25,"column":21}},{"start":{"line":25,"column":25},"end":{"line":25,"column":39}},{"start":{"line":25,"column":44},"end":{"line":33,"column":1}}],"line":25},"17":{"loc":{"start":{"line":26,"column":35},"end":{"line":26,"column":109}},"type":"cond-expr","locations":[{"start":{"line":26,"column":56},"end":{"line":26,"column":61}},{"start":{"line":26,"column":64},"end":{"line":26,"column":109}}],"line":26},"18":{"loc":{"start":{"line":27,"column":16},"end":{"line":27,"column":34}},"type":"binary-expr","locations":[{"start":{"line":27,"column":16},"end":{"line":27,"column":17}},{"start":{"line":27,"column":22},"end":{"line":27,"column":33}}],"line":27},"19":{"loc":{"start":{"line":30,"column":32},"end":{"line":30,"column":115}},"type":"cond-expr","locations":[{"start":{"line":30,"column":46},"end":{"line":30,"column":67}},{"start":{"line":30,"column":70},"end":{"line":30,"column":115}}],"line":30},"20":{"loc":{"start":{"line":31,"column":51},"end":{"line":31,"column":67}},"type":"binary-expr","locations":[{"start":{"line":31,"column":51},"end":{"line":31,"column":61}},{"start":{"line":31,"column":65},"end":{"line":31,"column":67}}],"line":31},"21":{"loc":{"start":{"line":34,"column":22},"end":{"line":36,"column":1}},"type":"binary-expr","locations":[{"start":{"line":34,"column":23},"end":{"line":34,"column":27}},{"start":{"line":34,"column":31},"end":{"line":34,"column":51}},{"start":{"line":34,"column":56},"end":{"line":36,"column":1}}],"line":34},"22":{"loc":{"start":{"line":35,"column":11},"end":{"line":35,"column":61}},"type":"cond-expr","locations":[{"start":{"line":35,"column":37},"end":{"line":35,"column":40}},{"start":{"line":35,"column":43},"end":{"line":35,"column":61}}],"line":35},"23":{"loc":{"start":{"line":35,"column":12},"end":{"line":35,"column":33}},"type":"binary-expr","locations":[{"start":{"line":35,"column":12},"end":{"line":35,"column":15}},{"start":{"line":35,"column":19},"end":{"line":35,"column":33}}],"line":35},"24":{"loc":{"start":{"line":96,"column":8},"end":{"line":97,"column":34}},"type":"if","locations":[{"start":{"line":96,"column":8},"end":{"line":97,"column":34}},{"start":{"line":96,"column":8},"end":{"line":97,"column":34}}],"line":96},"25":{"loc":{"start":{"line":96,"column":12},"end":{"line":96,"column":24}},"type":"binary-expr","locations":[{"start":{"line":96,"column":12},"end":{"line":96,"column":16}},{"start":{"line":96,"column":20},"end":{"line":96,"column":24}}],"line":96}},"s":{"0":1,"1":10,"2":10,"3":10,"4":10,"5":10,"6":2,"7":10,"8":0,"9":0,"10":0,"11":1,"12":1,"13":0,"14":1,"15":3,"16":2,"17":1,"18":1,"19":1,"20":10,"21":10,"22":1,"23":1,"24":1,"25":6,"26":0,"27":5,"28":6,"29":6,"30":0,"31":0,"32":0,"33":0,"34":11,"35":5,"36":1,"37":2,"38":1,"39":1,"40":1,"41":1,"42":1,"43":1,"44":1,"45":1,"46":1,"47":1,"48":1,"49":1,"50":1,"51":1,"52":1,"53":1,"54":1,"55":1,"56":1,"57":1,"58":1,"59":1,"60":1,"61":1,"62":1,"63":1,"64":1,"65":1,"66":1,"67":1,"68":1,"69":1,"70":1,"71":1,"72":1,"73":1,"74":1,"75":1,"76":1,"77":1,"78":1,"79":1,"80":0,"81":0,"82":0,"83":0},"f":{"0":10,"1":2,"2":0,"3":1,"4":0,"5":3,"6":5,"7":6,"8":0,"9":5,"10":6,"11":0,"12":11,"13":2,"14":1,"15":1,"16":1,"17":1,"18":1,"19":1,"20":1,"21":1,"22":1,"23":1,"24":1,"25":1,"26":1,"27":1,"28":1,"29":0},"b":{"0":[1,1,1],"1":[1,0],"2":[10,0],"3":[10,0],"4":[10,10],"5":[0,10],"6":[10,0],"7":[0,0],"8":[1,1,1],"9":[1,0],"10":[1,1,1],"11":[2,1],"12":[3,3],"13":[1,0],"14":[10,0],"15":[10,10],"16":[1,1,1],"17":[6,0],"18":[5,5],"19":[5,6],"20":[5,5],"21":[1,1,1],"22":[1,1],"23":[2,2],"24":[1,0],"25":[1,1]},"inputSourceMap":{"version":3,"file":"/media/omo/Stuff/myprojects/GuriRaadi/src/tests/Home.spec.ts","sources":["/media/omo/Stuff/myprojects/GuriRaadi/src/tests/Home.spec.ts"],"names":[],"mappings":";;;;;;;;;;;;;;;;;;;;;;;;;;;;;;;;;;;;;AAAA,2CAA6B;AAC7B,MAAM,cAAc,GAAG,OAAO,CAAC,kBAAkB,CAAC,CAAC;AAEnD,kEAA0C;AAG1C,gGAA4D;AAC5D,uCAA2C;AAC3C,8EAAgE;AAEhE,8EAAgE;AAEhE,MAAM,MAAM,GAAG,IAAI,CAAC,MAAM,CAAC;AAC3B,IAAI,CAAC,GAAG,CAAC,cAAc,CAAC,CAAC;AAEzB,QAAQ,CAAC,iBAAiB,EAAE,GAAG,EAAE;IAC/B,QAAQ,CAAC,eAAe,EAAE,GAAG,EAAE;QAC7B,EAAE,CAAC,YAAY,EAAE,GAAS,EAAE;YAC1B,OAAO,yBAAG,CAAC,IAAI,CAAC,YAAE,CAAC,CAAC,IAAI,CAAC,GAAS,EAAE;gBAClC,MAAM,UAAU,GAAG,MAAM,IAAA,kBAAW,EAAC,YAAE,EAAE,OAAO,CAAC,CAAC;gBAClD,MAAM,UAAU,GAAG,MAAM,IAAA,kBAAW,EAAC,YAAE,EAAE,OAAO,CAAC,CAAC;gBAClD,MAAM,CAAC,UAAU,CAAC,CAAC,EAAE,CAAC,EAAE,CAAC,KAAK,CAAC;gBAC/B,MAAM,CAAC,UAAU,CAAC,CAAC,EAAE,CAAC,EAAE,CAAC,KAAK,CAAC;YACjC,CAAC,CAAA,CAAC,CAAC;QACL,CAAC,CAAA,CAAC,CAAC;IACL,CAAC,CAAC,CAAC;IACH,QAAQ,CAAC,qBAAqB,EAAE,GAAG,EAAE;QACnC,EAAE,CAAC,UAAU,EAAE,GAAS,EAAE;YACxB,OAAO,yBAAG,CAAC,EAAE,CAAC,YAAE,CAAC,CAAC,IAAI,CAAC,GAAS,EAAE;gBAChC,MAAM,UAAU,GAAG,MAAM,IAAA,kBAAW,EAAC,YAAE,EAAE,OAAO,CAAC,CAAC;gBAClD,MAAM,UAAU,GAAG,MAAM,IAAA,kBAAW,EAAC,YAAE,EAAE,OAAO,CAAC,CAAC;gBAClD,MAAM,CAAC,UAAU,CAAC,CAAC,EAAE,CAAC,EAAE,CAAC,IAAI,CAAC;gBAC9B,MAAM,CAAC,UAAU,CAAC,CAAC,EAAE,CAAC,EAAE,CAAC,IAAI,CAAC;YAChC,CAAC,CAAA,CAAC,CAAC;QACL,CAAC,CAAA,CAAC,CAAC;IACL,CAAC,CAAC,CAAC;AACL,CAAC,CAAC,CAAC;AAEH,QAAQ,CAAC,kBAAkB,EAAE,GAAG,EAAE;IAChC,IAAI,OAAmB,CAAC;IACxB,IAAI,OAAmB,CAAC;IACxB,MAAM,CAAC,GAAG,EAAE;QACV,OAAO,GAAG;YACR,EAAE,EAAE,EAAE;YACN,WAAW,EAAE,KAAK;YAClB,cAAc,EAAE,IAAI;YACpB,QAAQ,EAAE,aAAa;YACvB,KAAK,EAAE,aAAa;YACpB,SAAS,EAAE,MAAM;YACjB,QAAQ,EAAE,KAAK;YACf,QAAQ,EAAE,MAAM;SACjB,CAAC;QACF,OAAO,GAAG;YACR,EAAE,EAAE,WAAW;YACf,QAAQ,EAAE,OAAO;YACjB,IAAI,EAAE,MAAM;YACZ,WAAW,EAAE,eAAe;YAC5B,WAAW,EAAE,CAAC;YACd,KAAK,EAAE,GAAG;YACV,MAAM,EAAE,EAAE;YACV,MAAM,EAAE,KAAK;SACd,CAAC;IACJ,CAAC,CAAC,CAAC;IACH,EAAE,CAAC,eAAe,EAAE,GAAS,EAAE;QAC7B,MAAM,EAAE,GAAG,EAAE,IAAI,EAAE,GAAG,MAAM,cAAc,CAAC,OAAO,CAAC,OAAO,CAAC,CAAC;QAE5D,IAAI,CAAC,GAAG,IAAI,IAAI;YAAE,OAAO,CAAC,MAAM,GAAG,IAAI,CAAC;QAExC,MAAM,IAAI,GAAG,MAAM,cAAc,CAAC,OAAO,CAAC,OAAO,CAAC,CAAC;QAEnD,MAAM,CAAC,IAAI,CAAC,CAAC,EAAE,CAAC,EAAE,CAAC,EAAE,CAAC,QAAQ,CAAC,CAAC;QAChC,MAAM,CAAC,IAAI,CAAC,CAAC,EAAE,CAAC,EAAE,CAAC,EAAE,CAAC,OAAO,CAAC,CAAC;QAC/B,MAAM,CAAC,IAAI,CAAC,CAAC,MAAM,CAAC,WAAW,CAAC,CAAC,CAAC,CAAC;IACrC,CAAC,CAAA,CAAC,CAAC;AACL,CAAC,CAAC,CAAC;AACH,SAAS,WAAW,CAAC,IAAS,EAAE,IAAS;IACvC,IAAI;QACF,IAAI,EAAE,CAAC;QACP,IAAI,EAAE,CAAC;KACR;IAAC,OAAO,KAAK,EAAE;QACd,IAAI,CAAC,KAAK,CAAC,CAAC;KACb;AACH,CAAC","sourcesContent":["import * as chai from \"chai\";\nconst chaiAsPromised = require(\"chai-as-promised\");\n\nimport db from \"../data-access/config/db\";\nimport { HomeObject } from \"../data-access/repositories/home_model\";\n\nimport mig from \"../data-access/migrations/home_migrations\";\nimport { tableExists } from \"../util/util\";\nimport * as homeController from \"../controller/home_controller\";\nimport { UserObject } from \"../data-access/repositories/user_model\";\nimport * as userController from \"../controller/user_controller\";\n\nconst expect = chai.expect;\nchai.use(chaiAsPromised);\n\ndescribe(\"Home Migrations\", () => {\n  describe(\"Check dropped\", () => {\n    it(\"Check Down\", async () => {\n      return mig.down(db).then(async () => {\n        const homeExists = await tableExists(db, \"homes\");\n        const usersExist = await tableExists(db, \"users\");\n        expect(usersExist).to.be.false;\n        expect(homeExists).to.be.false;\n      });\n    });\n  });\n  describe(\"Check table created\", () => {\n    it(\"Check Up\", async () => {\n      return mig.up(db).then(async () => {\n        const userExists = await tableExists(db, \"users\");\n        const homeExists = await tableExists(db, \"homes\");\n        expect(userExists).to.be.true;\n        expect(homeExists).to.be.true;\n      });\n    });\n  });\n});\n\ndescribe(\"Homes Controller\", () => {\n  let homeObj: HomeObject;\n  let userObj: UserObject;\n  before(() => {\n    userObj = {\n      id: \"\",\n      phoneNumber: 54444,\n      whatsappNumber: 5444,\n      userName: \"specialname\",\n      email: \"myemail.com\",\n      firstName: \"Mine\",\n      lastName: \"you\",\n      password: \"5555\",\n    };\n    homeObj = {\n      id: \"undefined\",\n      location: \"Burco\",\n      type: \"Sale\",\n      description: \"home for sale\",\n      roomNumbers: 3,\n      price: 3.5,\n      userId: \"\",\n      isPaid: false,\n    };\n  });\n  it(\"adds new Home\", async () => {\n    const { err, data } = await userController.addUser(userObj);\n\n    if (!err && data) homeObj.userId = data;\n\n    const uuid = await homeController.addHome(homeObj);\n\n    expect(data).to.be.an(\"string\");\n    expect(uuid).to.be.an(\"array\");\n    expect(uuid).length.greaterThan(0);\n  });\n});\nfunction asyncExpect(test: any, done: any) {\n  try {\n    test();\n    done();\n  } catch (error) {\n    done(error);\n  }\n}\n"]},"_coverageSchema":"1a1c01bbd47fc00a2c39e90264f33305004495a9","hash":"a25da3e313025ad44691b994241fd594583f58b3","contentHash":"cf6a58911b605f35cac2d8a79766caa67d0ee850e16a67971a36a4eeda6b097f"},"/media/omo/Stuff/myprojects/GuriRaadi/src/data-access/config/db.ts":{"path":"/media/omo/Stuff/myprojects/GuriRaadi/src/data-access/config/db.ts","statementMap":{"0":{"start":{"line":9,"column":22},"end":{"line":19,"column":3}},"1":{"start":{"line":10,"column":4},"end":{"line":10,"column":33}},"2":{"start":{"line":10,"column":26},"end":{"line":10,"column":33}},"3":{"start":{"line":11,"column":15},"end":{"line":11,"column":52}},"4":{"start":{"line":12,"column":4},"end":{"line":14,"column":5}},"5":{"start":{"line":13,"column":6},"end":{"line":13,"column":68}},"6":{"start":{"line":13,"column":51},"end":{"line":13,"column":63}},"7":{"start":{"line":15,"column":4},"end":{"line":15,"column":39}},"8":{"start":{"line":17,"column":4},"end":{"line":17,"column":33}},"9":{"start":{"line":17,"column":26},"end":{"line":17,"column":33}},"10":{"start":{"line":18,"column":4},"end":{"line":18,"column":17}},"11":{"start":{"line":20,"column":25},"end":{"line":24,"column":2}},"12":{"start":{"line":21,"column":4},"end":{"line":21,"column":72}},"13":{"start":{"line":23,"column":4},"end":{"line":23,"column":21}},"14":{"start":{"line":25,"column":19},"end":{"line":31,"column":1}},"15":{"start":{"line":26,"column":4},"end":{"line":26,"column":42}},"16":{"start":{"line":26,"column":31},"end":{"line":26,"column":42}},"17":{"start":{"line":27,"column":17},"end":{"line":27,"column":19}},"18":{"start":{"line":28,"column":4},"end":{"line":28,"column":141}},"19":{"start":{"line":28,"column":21},"end":{"line":28,"column":141}},"20":{"start":{"line":28,"column":40},"end":{"line":28,"column":141}},"21":{"start":{"line":28,"column":109},"end":{"line":28,"column":141}},"22":{"start":{"line":29,"column":4},"end":{"line":29,"column":36}},"23":{"start":{"line":30,"column":4},"end":{"line":30,"column":18}},"24":{"start":{"line":32,"column":22},"end":{"line":34,"column":1}},"25":{"start":{"line":33,"column":4},"end":{"line":33,"column":62}},"26":{"start":{"line":35,"column":0},"end":{"line":35,"column":62}},"27":{"start":{"line":36,"column":15},"end":{"line":36,"column":47}},"28":{"start":{"line":37,"column":15},"end":{"line":37,"column":46}},"29":{"start":{"line":38,"column":0},"end":{"line":38,"column":46}}},"fnMap":{"0":{"name":"(anonymous_0)","decl":{"start":{"line":9,"column":74},"end":{"line":9,"column":75}},"loc":{"start":{"line":9,"column":96},"end":{"line":16,"column":1}},"line":9},"1":{"name":"(anonymous_1)","decl":{"start":{"line":13,"column":38},"end":{"line":13,"column":39}},"loc":{"start":{"line":13,"column":49},"end":{"line":13,"column":65}},"line":13},"2":{"name":"(anonymous_2)","decl":{"start":{"line":16,"column":6},"end":{"line":16,"column":7}},"loc":{"start":{"line":16,"column":28},"end":{"line":19,"column":1}},"line":16},"3":{"name":"(anonymous_3)","decl":{"start":{"line":20,"column":80},"end":{"line":20,"column":81}},"loc":{"start":{"line":20,"column":95},"end":{"line":22,"column":1}},"line":20},"4":{"name":"(anonymous_4)","decl":{"start":{"line":22,"column":5},"end":{"line":22,"column":6}},"loc":{"start":{"line":22,"column":20},"end":{"line":24,"column":1}},"line":22},"5":{"name":"(anonymous_5)","decl":{"start":{"line":25,"column":50},"end":{"line":25,"column":51}},"loc":{"start":{"line":25,"column":65},"end":{"line":31,"column":1}},"line":25},"6":{"name":"(anonymous_6)","decl":{"start":{"line":32,"column":56},"end":{"line":32,"column":57}},"loc":{"start":{"line":32,"column":71},"end":{"line":34,"column":1}},"line":32}},"branchMap":{"0":{"loc":{"start":{"line":9,"column":22},"end":{"line":19,"column":3}},"type":"binary-expr","locations":[{"start":{"line":9,"column":23},"end":{"line":9,"column":27}},{"start":{"line":9,"column":31},"end":{"line":9,"column":51}},{"start":{"line":9,"column":57},"end":{"line":19,"column":2}}],"line":9},"1":{"loc":{"start":{"line":9,"column":57},"end":{"line":19,"column":2}},"type":"cond-expr","locations":[{"start":{"line":9,"column":74},"end":{"line":16,"column":1}},{"start":{"line":16,"column":6},"end":{"line":19,"column":1}}],"line":9},"2":{"loc":{"start":{"line":10,"column":4},"end":{"line":10,"column":33}},"type":"if","locations":[{"start":{"line":10,"column":4},"end":{"line":10,"column":33}},{"start":{"line":10,"column":4},"end":{"line":10,"column":33}}],"line":10},"3":{"loc":{"start":{"line":12,"column":4},"end":{"line":14,"column":5}},"type":"if","locations":[{"start":{"line":12,"column":4},"end":{"line":14,"column":5}},{"start":{"line":12,"column":4},"end":{"line":14,"column":5}}],"line":12},"4":{"loc":{"start":{"line":12,"column":8},"end":{"line":12,"column":85}},"type":"binary-expr","locations":[{"start":{"line":12,"column":8},"end":{"line":12,"column":13}},{"start":{"line":12,"column":18},"end":{"line":12,"column":84}}],"line":12},"5":{"loc":{"start":{"line":12,"column":18},"end":{"line":12,"column":84}},"type":"cond-expr","locations":[{"start":{"line":12,"column":34},"end":{"line":12,"column":47}},{"start":{"line":12,"column":50},"end":{"line":12,"column":84}}],"line":12},"6":{"loc":{"start":{"line":12,"column":50},"end":{"line":12,"column":84}},"type":"binary-expr","locations":[{"start":{"line":12,"column":50},"end":{"line":12,"column":63}},{"start":{"line":12,"column":67},"end":{"line":12,"column":84}}],"line":12},"7":{"loc":{"start":{"line":17,"column":4},"end":{"line":17,"column":33}},"type":"if","locations":[{"start":{"line":17,"column":4},"end":{"line":17,"column":33}},{"start":{"line":17,"column":4},"end":{"line":17,"column":33}}],"line":17},"8":{"loc":{"start":{"line":20,"column":25},"end":{"line":24,"column":2}},"type":"binary-expr","locations":[{"start":{"line":20,"column":26},"end":{"line":20,"column":30}},{"start":{"line":20,"column":34},"end":{"line":20,"column":57}},{"start":{"line":20,"column":63},"end":{"line":24,"column":1}}],"line":20},"9":{"loc":{"start":{"line":20,"column":63},"end":{"line":24,"column":1}},"type":"cond-expr","locations":[{"start":{"line":20,"column":80},"end":{"line":22,"column":1}},{"start":{"line":22,"column":5},"end":{"line":24,"column":1}}],"line":20},"10":{"loc":{"start":{"line":25,"column":19},"end":{"line":31,"column":1}},"type":"binary-expr","locations":[{"start":{"line":25,"column":20},"end":{"line":25,"column":24}},{"start":{"line":25,"column":28},"end":{"line":25,"column":45}},{"start":{"line":25,"column":50},"end":{"line":31,"column":1}}],"line":25},"11":{"loc":{"start":{"line":26,"column":4},"end":{"line":26,"column":42}},"type":"if","locations":[{"start":{"line":26,"column":4},"end":{"line":26,"column":42}},{"start":{"line":26,"column":4},"end":{"line":26,"column":42}}],"line":26},"12":{"loc":{"start":{"line":26,"column":8},"end":{"line":26,"column":29}},"type":"binary-expr","locations":[{"start":{"line":26,"column":8},"end":{"line":26,"column":11}},{"start":{"line":26,"column":15},"end":{"line":26,"column":29}}],"line":26},"13":{"loc":{"start":{"line":28,"column":4},"end":{"line":28,"column":141}},"type":"if","locations":[{"start":{"line":28,"column":4},"end":{"line":28,"column":141}},{"start":{"line":28,"column":4},"end":{"line":28,"column":141}}],"line":28},"14":{"loc":{"start":{"line":28,"column":40},"end":{"line":28,"column":141}},"type":"if","locations":[{"start":{"line":28,"column":40},"end":{"line":28,"column":141}},{"start":{"line":28,"column":40},"end":{"line":28,"column":141}}],"line":28},"15":{"loc":{"start":{"line":28,"column":44},"end":{"line":28,"column":107}},"type":"binary-expr","locations":[{"start":{"line":28,"column":44},"end":{"line":28,"column":59}},{"start":{"line":28,"column":63},"end":{"line":28,"column":107}}],"line":28},"16":{"loc":{"start":{"line":32,"column":22},"end":{"line":34,"column":1}},"type":"binary-expr","locations":[{"start":{"line":32,"column":23},"end":{"line":32,"column":27}},{"start":{"line":32,"column":31},"end":{"line":32,"column":51}},{"start":{"line":32,"column":56},"end":{"line":34,"column":1}}],"line":32},"17":{"loc":{"start":{"line":33,"column":11},"end":{"line":33,"column":61}},"type":"cond-expr","locations":[{"start":{"line":33,"column":37},"end":{"line":33,"column":40}},{"start":{"line":33,"column":43},"end":{"line":33,"column":61}}],"line":33},"18":{"loc":{"start":{"line":33,"column":12},"end":{"line":33,"column":33}},"type":"binary-expr","locations":[{"start":{"line":33,"column":12},"end":{"line":33,"column":15}},{"start":{"line":33,"column":19},"end":{"line":33,"column":33}}],"line":33}},"s":{"0":1,"1":4,"2":4,"3":4,"4":4,"5":4,"6":9,"7":4,"8":0,"9":0,"10":0,"11":1,"12":1,"13":0,"14":1,"15":1,"16":0,"17":1,"18":1,"19":1,"20":4,"21":4,"22":1,"23":1,"24":1,"25":1,"26":1,"27":1,"28":1,"29":1},"f":{"0":4,"1":9,"2":0,"3":1,"4":0,"5":1,"6":1},"b":{"0":[1,1,1],"1":[1,0],"2":[4,0],"3":[4,0],"4":[4,4],"5":[0,4],"6":[4,0],"7":[0,0],"8":[1,1,1],"9":[1,0],"10":[1,1,1],"11":[0,1],"12":[1,1],"13":[1,0],"14":[4,0],"15":[4,4],"16":[1,1,1],"17":[0,1],"18":[1,1]},"inputSourceMap":{"version":3,"file":"/media/omo/Stuff/myprojects/GuriRaadi/src/data-access/config/db.ts","sources":["/media/omo/Stuff/myprojects/GuriRaadi/src/data-access/config/db.ts"],"names":[],"mappings":";AAAA;;;;;;EAME;;;;;;;;;;;;;;;;;;;;;;;;;;;;AAEF,gDAAwB;AACxB,+CAAiC;AACjC,kBAAe,IAAA,cAAI,EAAC,MAAM,CAAC,CAAC","sourcesContent":["/*\n*\n*\nSingleton Db Object\n*\n*\n*/\n\nimport knex from \"knex\";\nimport * as config from \"./knex\";\nexport default knex(config);\n"]},"_coverageSchema":"1a1c01bbd47fc00a2c39e90264f33305004495a9","hash":"3c2796f1c8accf89c56d9405196ffcdd40db7417","contentHash":"8babaf33869eb8841629abdefd86c094f72cae6a24e3c31524ddd3535c46fa12"},"/media/omo/Stuff/myprojects/GuriRaadi/src/data-access/config/knex.ts":{"path":"/media/omo/Stuff/myprojects/GuriRaadi/src/data-access/config/knex.ts","statementMap":{"0":{"start":{"line":2,"column":22},"end":{"line":4,"column":1}},"1":{"start":{"line":3,"column":4},"end":{"line":3,"column":62}},"2":{"start":{"line":5,"column":0},"end":{"line":5,"column":62}},"3":{"start":{"line":6,"column":17},"end":{"line":6,"column":51}},"4":{"start":{"line":7,"column":15},"end":{"line":7,"column":41}},"5":{"start":{"line":8,"column":0},"end":{"line":8,"column":26}},"6":{"start":{"line":9,"column":12},"end":{"line":9,"column":38}},"7":{"start":{"line":10,"column":15},"end":{"line":24,"column":1}},"8":{"start":{"line":14,"column":59},"end":{"line":14,"column":106}},"9":{"start":{"line":22,"column":59},"end":{"line":22,"column":106}},"10":{"start":{"line":25,"column":0},"end":{"line":25,"column":39}}},"fnMap":{"0":{"name":"(anonymous_0)","decl":{"start":{"line":2,"column":56},"end":{"line":2,"column":57}},"loc":{"start":{"line":2,"column":71},"end":{"line":4,"column":1}},"line":2},"1":{"name":"(anonymous_1)","decl":{"start":{"line":14,"column":24},"end":{"line":14,"column":25}},"loc":{"start":{"line":14,"column":59},"end":{"line":14,"column":106}},"line":14},"2":{"name":"(anonymous_2)","decl":{"start":{"line":22,"column":24},"end":{"line":22,"column":25}},"loc":{"start":{"line":22,"column":59},"end":{"line":22,"column":106}},"line":22}},"branchMap":{"0":{"loc":{"start":{"line":2,"column":22},"end":{"line":4,"column":1}},"type":"binary-expr","locations":[{"start":{"line":2,"column":23},"end":{"line":2,"column":27}},{"start":{"line":2,"column":31},"end":{"line":2,"column":51}},{"start":{"line":2,"column":56},"end":{"line":4,"column":1}}],"line":2},"1":{"loc":{"start":{"line":3,"column":11},"end":{"line":3,"column":61}},"type":"cond-expr","locations":[{"start":{"line":3,"column":37},"end":{"line":3,"column":40}},{"start":{"line":3,"column":43},"end":{"line":3,"column":61}}],"line":3},"2":{"loc":{"start":{"line":3,"column":12},"end":{"line":3,"column":33}},"type":"binary-expr","locations":[{"start":{"line":3,"column":12},"end":{"line":3,"column":15}},{"start":{"line":3,"column":19},"end":{"line":3,"column":33}}],"line":3}},"s":{"0":1,"1":1,"2":1,"3":1,"4":1,"5":1,"6":1,"7":1,"8":176,"9":0,"10":1},"f":{"0":1,"1":176,"2":0},"b":{"0":[1,1,1],"1":[0,1],"2":[1,1]},"inputSourceMap":{"version":3,"file":"/media/omo/Stuff/myprojects/GuriRaadi/src/data-access/config/knex.ts","sources":["/media/omo/Stuff/myprojects/GuriRaadi/src/data-access/config/knex.ts"],"names":[],"mappings":";;;;;AACA,oDAA4B;AAC5B,0CAAqD;AACrD,gBAAM,CAAC,MAAM,EAAE,CAAC;AAChB,MAAM,GAAG,GAAG,OAAO,CAAC,GAAG,CAAC,cAAc,CAAC;AACvC,MAAM,MAAM,GAAG;IACb,WAAW,EAAE;QACX,MAAM,EAAE,IAAI;QACZ,UAAU,EAAE,iDAAiD;QAE7D,cAAc,EAAE,CAAC,KAAU,EAAE,QAAa,EAAE,YAAiB,EAAE,EAAE,CAC/D,QAAQ,CAAC,IAAA,yBAAkB,EAAC,KAAK,CAAC,CAAC;QACrC,UAAU,EAAE;YACV,SAAS,EAAE,iBAAiB;SAC7B;KACF;IACD,UAAU,EAAE;QACV,MAAM,EAAE,IAAI;QACZ,UAAU,EAAE,GAAG;QAEf,cAAc,EAAE,CAAC,KAAU,EAAE,QAAa,EAAE,YAAiB,EAAE,EAAE,CAC/D,QAAQ,CAAC,IAAA,yBAAkB,EAAC,KAAK,CAAC,CAAC;KACtC;CACF,CAAC;AAEF,MAAM,CAAC,OAAO,GAAG,MAAM,CAAC,aAAa,CAAC,CAAC","sourcesContent":["import knex from \"knex\";\nimport dotenv from \"dotenv\";\nimport { convertToSnakeCase } from \"../../util/util\";\ndotenv.config();\nconst con = process.env.DB_CONN_STRING;\nconst config = {\n  development: {\n    client: \"pg\",\n    connection: \"postgres://omo:54321@localhost:5432/home_search\",\n\n    wrapIdentifier: (value: any, origImpl: any, queryContext: any) =>\n      origImpl(convertToSnakeCase(value)),\n    migrations: {\n      tableName: \"knex_migrations\",\n    },\n  },\n  production: {\n    client: \"pg\",\n    connection: con,\n\n    wrapIdentifier: (value: any, origImpl: any, queryContext: any) =>\n      origImpl(convertToSnakeCase(value)),\n  },\n};\n\nmodule.exports = config[\"development\"];\n"]},"_coverageSchema":"1a1c01bbd47fc00a2c39e90264f33305004495a9","hash":"0efb5a55320c70ae577b021ff232f361b1477a10","contentHash":"9930a32fd8a7d7376d49215ea2fd0eba84739af012421950162153c9b4849767"},"/media/omo/Stuff/myprojects/GuriRaadi/src/util/util.ts":{"path":"/media/omo/Stuff/myprojects/GuriRaadi/src/util/util.ts","statementMap":{"0":{"start":{"line":2,"column":16},"end":{"line":10,"column":1}},"1":{"start":{"line":3,"column":28},"end":{"line":3,"column":110}},"2":{"start":{"line":3,"column":91},"end":{"line":3,"column":106}},"3":{"start":{"line":4,"column":4},"end":{"line":9,"column":7}},"4":{"start":{"line":5,"column":36},"end":{"line":5,"column":97}},"5":{"start":{"line":5,"column":42},"end":{"line":5,"column":70}},"6":{"start":{"line":5,"column":85},"end":{"line":5,"column":95}},"7":{"start":{"line":6,"column":35},"end":{"line":6,"column":100}},"8":{"start":{"line":6,"column":41},"end":{"line":6,"column":73}},"9":{"start":{"line":6,"column":88},"end":{"line":6,"column":98}},"10":{"start":{"line":7,"column":32},"end":{"line":7,"column":116}},"11":{"start":{"line":8,"column":8},"end":{"line":8,"column":78}},"12":{"start":{"line":11,"column":0},"end":{"line":11,"column":62}},"13":{"start":{"line":12,"column":0},"end":{"line":12,"column":80}},"14":{"start":{"line":13,"column":27},"end":{"line":13,"column":97}},"15":{"start":{"line":13,"column":36},"end":{"line":13,"column":97}},"16":{"start":{"line":13,"column":70},"end":{"line":13,"column":96}},"17":{"start":{"line":14,"column":0},"end":{"line":14,"column":48}},"18":{"start":{"line":15,"column":20},"end":{"line":15,"column":124}},"19":{"start":{"line":15,"column":37},"end":{"line":15,"column":124}},"20":{"start":{"line":15,"column":86},"end":{"line":15,"column":121}},"21":{"start":{"line":16,"column":0},"end":{"line":16,"column":34}},"22":{"start":{"line":17,"column":20},"end":{"line":21,"column":1}},"23":{"start":{"line":18,"column":4},"end":{"line":20,"column":7}},"24":{"start":{"line":19,"column":8},"end":{"line":19,"column":100}},"25":{"start":{"line":19,"column":25},"end":{"line":19,"column":95}},"26":{"start":{"line":22,"column":0},"end":{"line":22,"column":34}}},"fnMap":{"0":{"name":"(anonymous_0)","decl":{"start":{"line":2,"column":44},"end":{"line":2,"column":45}},"loc":{"start":{"line":2,"column":89},"end":{"line":10,"column":1}},"line":2},"1":{"name":"adopt","decl":{"start":{"line":3,"column":13},"end":{"line":3,"column":18}},"loc":{"start":{"line":3,"column":26},"end":{"line":3,"column":112}},"line":3},"2":{"name":"(anonymous_2)","decl":{"start":{"line":3,"column":70},"end":{"line":3,"column":71}},"loc":{"start":{"line":3,"column":89},"end":{"line":3,"column":108}},"line":3},"3":{"name":"(anonymous_3)","decl":{"start":{"line":4,"column":36},"end":{"line":4,"column":37}},"loc":{"start":{"line":4,"column":63},"end":{"line":9,"column":5}},"line":4},"4":{"name":"fulfilled","decl":{"start":{"line":5,"column":17},"end":{"line":5,"column":26}},"loc":{"start":{"line":5,"column":34},"end":{"line":5,"column":99}},"line":5},"5":{"name":"rejected","decl":{"start":{"line":6,"column":17},"end":{"line":6,"column":25}},"loc":{"start":{"line":6,"column":33},"end":{"line":6,"column":102}},"line":6},"6":{"name":"step","decl":{"start":{"line":7,"column":17},"end":{"line":7,"column":21}},"loc":{"start":{"line":7,"column":30},"end":{"line":7,"column":118}},"line":7},"7":{"name":"(anonymous_7)","decl":{"start":{"line":13,"column":27},"end":{"line":13,"column":28}},"loc":{"start":{"line":13,"column":36},"end":{"line":13,"column":97}},"line":13},"8":{"name":"(anonymous_8)","decl":{"start":{"line":13,"column":58},"end":{"line":13,"column":59}},"loc":{"start":{"line":13,"column":70},"end":{"line":13,"column":96}},"line":13},"9":{"name":"(anonymous_9)","decl":{"start":{"line":15,"column":20},"end":{"line":15,"column":21}},"loc":{"start":{"line":15,"column":37},"end":{"line":15,"column":124}},"line":15},"10":{"name":"(anonymous_10)","decl":{"start":{"line":15,"column":71},"end":{"line":15,"column":72}},"loc":{"start":{"line":15,"column":84},"end":{"line":15,"column":123}},"line":15},"11":{"name":"(anonymous_11)","decl":{"start":{"line":17,"column":20},"end":{"line":17,"column":21}},"loc":{"start":{"line":17,"column":26},"end":{"line":21,"column":1}},"line":17},"12":{"name":"(anonymous_12)","decl":{"start":{"line":18,"column":23},"end":{"line":18,"column":24}},"loc":{"start":{"line":18,"column":36},"end":{"line":20,"column":5}},"line":18},"13":{"name":"(anonymous_13)","decl":{"start":{"line":19,"column":19},"end":{"line":19,"column":20}},"loc":{"start":{"line":19,"column":25},"end":{"line":19,"column":95}},"line":19}},"branchMap":{"0":{"loc":{"start":{"line":2,"column":16},"end":{"line":10,"column":1}},"type":"binary-expr","locations":[{"start":{"line":2,"column":17},"end":{"line":2,"column":21}},{"start":{"line":2,"column":25},"end":{"line":2,"column":39}},{"start":{"line":2,"column":44},"end":{"line":10,"column":1}}],"line":2},"1":{"loc":{"start":{"line":3,"column":35},"end":{"line":3,"column":109}},"type":"cond-expr","locations":[{"start":{"line":3,"column":56},"end":{"line":3,"column":61}},{"start":{"line":3,"column":64},"end":{"line":3,"column":109}}],"line":3},"2":{"loc":{"start":{"line":4,"column":16},"end":{"line":4,"column":34}},"type":"binary-expr","locations":[{"start":{"line":4,"column":16},"end":{"line":4,"column":17}},{"start":{"line":4,"column":22},"end":{"line":4,"column":33}}],"line":4},"3":{"loc":{"start":{"line":7,"column":32},"end":{"line":7,"column":115}},"type":"cond-expr","locations":[{"start":{"line":7,"column":46},"end":{"line":7,"column":67}},{"start":{"line":7,"column":70},"end":{"line":7,"column":115}}],"line":7},"4":{"loc":{"start":{"line":8,"column":51},"end":{"line":8,"column":67}},"type":"binary-expr","locations":[{"start":{"line":8,"column":51},"end":{"line":8,"column":61}},{"start":{"line":8,"column":65},"end":{"line":8,"column":67}}],"line":8}},"s":{"0":1,"1":0,"2":0,"3":4,"4":0,"5":0,"6":0,"7":0,"8":0,"9":0,"10":4,"11":4,"12":1,"13":1,"14":1,"15":176,"16":20,"17":1,"18":1,"19":4,"20":4,"21":1,"22":1,"23":2,"24":2,"25":2,"26":1},"f":{"0":4,"1":0,"2":0,"3":4,"4":0,"5":0,"6":4,"7":176,"8":20,"9":4,"10":4,"11":2,"12":2,"13":2},"b":{"0":[1,1,1],"1":[0,0],"2":[4,4],"3":[4,0],"4":[4,4]},"inputSourceMap":{"version":3,"file":"/media/omo/Stuff/myprojects/GuriRaadi/src/util/util.ts","sources":["/media/omo/Stuff/myprojects/GuriRaadi/src/util/util.ts"],"names":[],"mappings":";;;;;;;;;;;;AACO,MAAM,kBAAkB,GAAG,CAAC,GAAW,EAAU,EAAE,CACxD,GAAG,CAAC,OAAO,CAAC,QAAQ,EAAE,CAAC,MAAM,EAAE,EAAE,CAAC,IAAI,MAAM,CAAC,WAAW,EAAE,EAAE,CAAC,CAAC;AADnD,QAAA,kBAAkB,sBACiC;AAEzD,MAAM,WAAW,GAAG,CACzB,IAAU,EACV,KAAa,EACK,EAAE,kDAAC,OAAA,IAAI,CAAC,MAAM,CAAC,QAAQ,CAAC,KAAK,CAAC,CAAA,GAAA,CAAC;AAHtC,QAAA,WAAW,eAG2B;AAE5C,MAAM,WAAW,GAAG,GAAoB,EAAE;IAC/C,OAAO,IAAI,OAAO,CAAC,CAAC,OAAO,EAAE,EAAE;QAC7B,UAAU,CACR,GAAG,EAAE,CACH,OAAO,CAAC,IAAI,CAAC,GAAG,EAAE,CAAC,QAAQ,CAAC,EAAE,CAAC,GAAG,IAAI,CAAC,MAAM,EAAE,CAAC,QAAQ,CAAC,EAAE,CAAC,CAAC,KAAK,CAAC,CAAC,CAAC,CAAC,EACxE,CAAC,CACF,CAAC;IACJ,CAAC,CAAC,CAAC;AACL,CAAC,CAAC;AARW,QAAA,WAAW,eAQtB","sourcesContent":["import { Knex } from \"knex\";\nexport const convertToSnakeCase = (str: string): string =>\n  str.replace(/[A-Z]/g, (letter) => `_${letter.toLowerCase()}`);\n\nexport const tableExists = async (\n  knex: Knex,\n  tname: string\n): Promise<Boolean> => knex.schema.hasTable(tname);\n\nexport const genRandomId = (): Promise<string> => {\n  return new Promise((resolve) => {\n    setTimeout(\n      () =>\n        resolve(Date.now().toString(36) + Math.random().toString(36).slice(2)),\n      1\n    );\n  });\n};\n"]},"_coverageSchema":"1a1c01bbd47fc00a2c39e90264f33305004495a9","hash":"ccc79df57b31aed2b1f3adf73982ee1fee89966e","contentHash":"a7eb75dbbec111c2cf7bd4a7ad769c58b2232239ce45b819c943fdf150abd77f"},"/media/omo/Stuff/myprojects/GuriRaadi/src/data-access/migrations/home_migrations.ts":{"path":"/media/omo/Stuff/myprojects/GuriRaadi/src/data-access/migrations/home_migrations.ts","statementMap":{"0":{"start":{"line":2,"column":16},"end":{"line":10,"column":1}},"1":{"start":{"line":3,"column":28},"end":{"line":3,"column":110}},"2":{"start":{"line":3,"column":91},"end":{"line":3,"column":106}},"3":{"start":{"line":4,"column":4},"end":{"line":9,"column":7}},"4":{"start":{"line":5,"column":36},"end":{"line":5,"column":97}},"5":{"start":{"line":5,"column":42},"end":{"line":5,"column":70}},"6":{"start":{"line":5,"column":85},"end":{"line":5,"column":95}},"7":{"start":{"line":6,"column":35},"end":{"line":6,"column":100}},"8":{"start":{"line":6,"column":41},"end":{"line":6,"column":73}},"9":{"start":{"line":6,"column":88},"end":{"line":6,"column":98}},"10":{"start":{"line":7,"column":32},"end":{"line":7,"column":116}},"11":{"start":{"line":8,"column":8},"end":{"line":8,"column":78}},"12":{"start":{"line":11,"column":18},"end":{"line":17,"column":1}},"13":{"start":{"line":19,"column":4},"end":{"line":114,"column":7}},"14":{"start":{"line":20,"column":8},"end":{"line":113,"column":11}},"15":{"start":{"line":22,"column":12},"end":{"line":22,"column":65}},"16":{"start":{"line":23,"column":12},"end":{"line":23,"column":54}},"17":{"start":{"line":24,"column":12},"end":{"line":24,"column":85}},"18":{"start":{"line":25,"column":12},"end":{"line":25,"column":53}},"19":{"start":{"line":26,"column":12},"end":{"line":26,"column":40}},"20":{"start":{"line":27,"column":12},"end":{"line":27,"column":38}},"21":{"start":{"line":28,"column":12},"end":{"line":28,"column":65}},"22":{"start":{"line":29,"column":12},"end":{"line":29,"column":59}},"23":{"start":{"line":30,"column":12},"end":{"line":30,"column":45}},"24":{"start":{"line":31,"column":12},"end":{"line":31,"column":45}},"25":{"start":{"line":32,"column":12},"end":{"line":32,"column":43}},"26":{"start":{"line":33,"column":12},"end":{"line":33,"column":51}},"27":{"start":{"line":34,"column":12},"end":{"line":34,"column":42}},"28":{"start":{"line":35,"column":12},"end":{"line":35,"column":47}},"29":{"start":{"line":36,"column":12},"end":{"line":36,"column":36}},"30":{"start":{"line":39,"column":12},"end":{"line":39,"column":65}},"31":{"start":{"line":40,"column":12},"end":{"line":40,"column":45}},"32":{"start":{"line":41,"column":12},"end":{"line":45,"column":26}},"33":{"start":{"line":46,"column":12},"end":{"line":46,"column":48}},"34":{"start":{"line":47,"column":12},"end":{"line":47,"column":45}},"35":{"start":{"line":48,"column":12},"end":{"line":48,"column":38}},"36":{"start":{"line":49,"column":12},"end":{"line":49,"column":42}},"37":{"start":{"line":50,"column":12},"end":{"line":50,"column":41}},"38":{"start":{"line":51,"column":12},"end":{"line":51,"column":42}},"39":{"start":{"line":52,"column":12},"end":{"line":57,"column":37}},"40":{"start":{"line":58,"column":12},"end":{"line":58,"column":45}},"41":{"start":{"line":59,"column":12},"end":{"line":59,"column":36}},"42":{"start":{"line":60,"column":12},"end":{"line":60,"column":64}},"43":{"start":{"line":61,"column":12},"end":{"line":61,"column":51}},"44":{"start":{"line":64,"column":12},"end":{"line":64,"column":49}},"45":{"start":{"line":65,"column":12},"end":{"line":70,"column":37}},"46":{"start":{"line":71,"column":12},"end":{"line":71,"column":65}},"47":{"start":{"line":72,"column":12},"end":{"line":72,"column":54}},"48":{"start":{"line":75,"column":12},"end":{"line":75,"column":45}},"49":{"start":{"line":76,"column":12},"end":{"line":76,"column":33}},"50":{"start":{"line":77,"column":12},"end":{"line":77,"column":56}},"51":{"start":{"line":80,"column":12},"end":{"line":80,"column":45}},"52":{"start":{"line":81,"column":12},"end":{"line":86,"column":37}},"53":{"start":{"line":87,"column":12},"end":{"line":92,"column":37}},"54":{"start":{"line":93,"column":12},"end":{"line":93,"column":38}},"55":{"start":{"line":96,"column":12},"end":{"line":96,"column":65}},"56":{"start":{"line":97,"column":12},"end":{"line":97,"column":83}},"57":{"start":{"line":98,"column":12},"end":{"line":103,"column":37}},"58":{"start":{"line":104,"column":12},"end":{"line":109,"column":37}},"59":{"start":{"line":110,"column":12},"end":{"line":110,"column":60}},"60":{"start":{"line":111,"column":12},"end":{"line":111,"column":38}},"61":{"start":{"line":112,"column":12},"end":{"line":112,"column":78}},"62":{"start":{"line":116,"column":0},"end":{"line":129,"column":2}},"63":{"start":{"line":117,"column":16},"end":{"line":119,"column":6}},"64":{"start":{"line":118,"column":8},"end":{"line":118,"column":32}},"65":{"start":{"line":120,"column":18},"end":{"line":128,"column":6}},"66":{"start":{"line":121,"column":8},"end":{"line":127,"column":40}}},"fnMap":{"0":{"name":"(anonymous_0)","decl":{"start":{"line":2,"column":44},"end":{"line":2,"column":45}},"loc":{"start":{"line":2,"column":89},"end":{"line":10,"column":1}},"line":2},"1":{"name":"adopt","decl":{"start":{"line":3,"column":13},"end":{"line":3,"column":18}},"loc":{"start":{"line":3,"column":26},"end":{"line":3,"column":112}},"line":3},"2":{"name":"(anonymous_2)","decl":{"start":{"line":3,"column":70},"end":{"line":3,"column":71}},"loc":{"start":{"line":3,"column":89},"end":{"line":3,"column":108}},"line":3},"3":{"name":"(anonymous_3)","decl":{"start":{"line":4,"column":36},"end":{"line":4,"column":37}},"loc":{"start":{"line":4,"column":63},"end":{"line":9,"column":5}},"line":4},"4":{"name":"fulfilled","decl":{"start":{"line":5,"column":17},"end":{"line":5,"column":26}},"loc":{"start":{"line":5,"column":34},"end":{"line":5,"column":99}},"line":5},"5":{"name":"rejected","decl":{"start":{"line":6,"column":17},"end":{"line":6,"column":25}},"loc":{"start":{"line":6,"column":33},"end":{"line":6,"column":102}},"line":6},"6":{"name":"step","decl":{"start":{"line":7,"column":17},"end":{"line":7,"column":21}},"loc":{"start":{"line":7,"column":30},"end":{"line":7,"column":118}},"line":7},"7":{"name":"CreateTables","decl":{"start":{"line":18,"column":9},"end":{"line":18,"column":21}},"loc":{"start":{"line":18,"column":26},"end":{"line":115,"column":1}},"line":18},"8":{"name":"(anonymous_8)","decl":{"start":{"line":19,"column":43},"end":{"line":19,"column":44}},"loc":{"start":{"line":19,"column":56},"end":{"line":114,"column":5}},"line":19},"9":{"name":"(anonymous_9)","decl":{"start":{"line":21,"column":34},"end":{"line":21,"column":35}},"loc":{"start":{"line":21,"column":45},"end":{"line":37,"column":9}},"line":21},"10":{"name":"(anonymous_10)","decl":{"start":{"line":38,"column":34},"end":{"line":38,"column":35}},"loc":{"start":{"line":38,"column":45},"end":{"line":62,"column":9}},"line":38},"11":{"name":"(anonymous_11)","decl":{"start":{"line":63,"column":37},"end":{"line":63,"column":38}},"loc":{"start":{"line":63,"column":48},"end":{"line":73,"column":9}},"line":63},"12":{"name":"(anonymous_12)","decl":{"start":{"line":74,"column":45},"end":{"line":74,"column":46}},"loc":{"start":{"line":74,"column":56},"end":{"line":78,"column":9}},"line":74},"13":{"name":"(anonymous_13)","decl":{"start":{"line":79,"column":51},"end":{"line":79,"column":52}},"loc":{"start":{"line":79,"column":62},"end":{"line":94,"column":9}},"line":79},"14":{"name":"(anonymous_14)","decl":{"start":{"line":95,"column":37},"end":{"line":95,"column":38}},"loc":{"start":{"line":95,"column":48},"end":{"line":113,"column":9}},"line":95},"15":{"name":"(anonymous_15)","decl":{"start":{"line":117,"column":8},"end":{"line":117,"column":9}},"loc":{"start":{"line":117,"column":16},"end":{"line":119,"column":6}},"line":117},"16":{"name":"(anonymous_16)","decl":{"start":{"line":117,"column":50},"end":{"line":117,"column":51}},"loc":{"start":{"line":117,"column":63},"end":{"line":119,"column":5}},"line":117},"17":{"name":"(anonymous_17)","decl":{"start":{"line":120,"column":10},"end":{"line":120,"column":11}},"loc":{"start":{"line":120,"column":18},"end":{"line":128,"column":6}},"line":120},"18":{"name":"(anonymous_18)","decl":{"start":{"line":120,"column":52},"end":{"line":120,"column":53}},"loc":{"start":{"line":120,"column":65},"end":{"line":128,"column":5}},"line":120}},"branchMap":{"0":{"loc":{"start":{"line":2,"column":16},"end":{"line":10,"column":1}},"type":"binary-expr","locations":[{"start":{"line":2,"column":17},"end":{"line":2,"column":21}},{"start":{"line":2,"column":25},"end":{"line":2,"column":39}},{"start":{"line":2,"column":44},"end":{"line":10,"column":1}}],"line":2},"1":{"loc":{"start":{"line":3,"column":35},"end":{"line":3,"column":109}},"type":"cond-expr","locations":[{"start":{"line":3,"column":56},"end":{"line":3,"column":61}},{"start":{"line":3,"column":64},"end":{"line":3,"column":109}}],"line":3},"2":{"loc":{"start":{"line":4,"column":16},"end":{"line":4,"column":34}},"type":"binary-expr","locations":[{"start":{"line":4,"column":16},"end":{"line":4,"column":17}},{"start":{"line":4,"column":22},"end":{"line":4,"column":33}}],"line":4},"3":{"loc":{"start":{"line":7,"column":32},"end":{"line":7,"column":115}},"type":"cond-expr","locations":[{"start":{"line":7,"column":46},"end":{"line":7,"column":67}},{"start":{"line":7,"column":70},"end":{"line":7,"column":115}}],"line":7},"4":{"loc":{"start":{"line":8,"column":51},"end":{"line":8,"column":67}},"type":"binary-expr","locations":[{"start":{"line":8,"column":51},"end":{"line":8,"column":61}},{"start":{"line":8,"column":65},"end":{"line":8,"column":67}}],"line":8}},"s":{"0":1,"1":2,"2":2,"3":3,"4":2,"5":2,"6":0,"7":0,"8":0,"9":0,"10":5,"11":3,"12":1,"13":1,"14":1,"15":1,"16":1,"17":1,"18":1,"19":1,"20":1,"21":1,"22":1,"23":1,"24":1,"25":1,"26":1,"27":1,"28":1,"29":1,"30":1,"31":1,"32":1,"33":1,"34":1,"35":1,"36":1,"37":1,"38":1,"39":1,"40":1,"41":1,"42":1,"43":1,"44":1,"45":1,"46":1,"47":1,"48":1,"49":1,"50":1,"51":1,"52":1,"53":1,"54":1,"55":1,"56":1,"57":1,"58":1,"59":1,"60":1,"61":1,"62":1,"63":1,"64":1,"65":1,"66":1},"f":{"0":3,"1":2,"2":2,"3":3,"4":2,"5":0,"6":5,"7":1,"8":1,"9":1,"10":1,"11":1,"12":1,"13":1,"14":1,"15":1,"16":1,"17":1,"18":1},"b":{"0":[1,1,1],"1":[0,2],"2":[3,3],"3":[3,2],"4":[3,3]},"inputSourceMap":{"version":3,"file":"/media/omo/Stuff/myprojects/GuriRaadi/src/data-access/migrations/home_migrations.ts","sources":["/media/omo/Stuff/myprojects/GuriRaadi/src/data-access/migrations/home_migrations.ts"],"names":[],"mappings":";;;;;;;;;;AAEA,MAAM,SAAS,GAAa;IAC1B,WAAW;IACX,OAAO;IACP,UAAU;IACV,QAAQ;IACR,WAAW;CACZ,CAAC;AAiBF,SAAe,YAAY,CAAC,EAAQ;;QAClC,OAAO,MAAM,EAAE,CAAC,MAAM;aACnB,WAAW,CAAC,OAAO,EAAE,CAAC,KAAK,EAAE,EAAE;YAC9B,EAAE,CAAC,GAAG,CAAC,4CAA4C,CAAC,CAAC;YACrD,KAAK,CAAC,MAAM,CAAC,IAAI,CAAC,CAAC,WAAW,EAAE,CAAC,MAAM,EAAE,CAAC;YAC1C,KAAK,CAAC,IAAI,CAAC,MAAM,CAAC,CAAC,WAAW,EAAE,CAAC,SAAS,CAAC,EAAE,CAAC,GAAG,CAAC,oBAAoB,CAAC,CAAC,CAAC;YACzE,KAAK,CAAC,MAAM,CAAC,YAAY,CAAC,CAAC,WAAW,EAAE,CAAC;YACzC,KAAK,CAAC,MAAM,CAAC,aAAa,CAAC,CAAC;YAC5B,KAAK,CAAC,MAAM,CAAC,WAAW,CAAC,CAAC;YAC1B,KAAK,CAAC,OAAO,CAAC,cAAc,CAAC,CAAC,MAAM,EAAE,CAAC,WAAW,EAAE,CAAC;YACrD,KAAK,CAAC,IAAI,CAAC,WAAW,CAAC,CAAC,MAAM,EAAE,CAAC,WAAW,EAAE,CAAC;YAC/C,KAAK,CAAC,MAAM,CAAC,aAAa,EAAE,GAAG,CAAC,CAAC;YACjC,KAAK,CAAC,OAAO,CAAC,iBAAiB,CAAC,CAAC;YACjC,KAAK,CAAC,MAAM,CAAC,OAAO,CAAC,CAAC,MAAM,EAAE,CAAC;YAC/B,KAAK,CAAC,MAAM,CAAC,UAAU,CAAC,CAAC,WAAW,EAAE,CAAC;YACvC,KAAK,CAAC,OAAO,CAAC,CAAC,IAAI,EAAE,MAAM,CAAC,CAAC,CAAC;YAC9B,KAAK,CAAC,MAAM,CAAC,MAAM,CAAC,CAAC,WAAW,EAAE,CAAC;YACnC,KAAK,CAAC,OAAO,CAAC,QAAQ,CAAC,CAAC;QAC1B,CAAC,CAAC;aACD,WAAW,CAAC,OAAO,EAAE,CAAC,KAAK,EAAE,EAAE;YAC9B,EAAE,CAAC,GAAG,CAAC,4CAA4C,CAAC,CAAC;YACrD,KAAK,CAAC,MAAM,CAAC,IAAI,CAAC,CAAC,WAAW,EAAE,CAAC;YACjC,KAAK;iBACF,IAAI,CAAC,SAAS,CAAC;iBACf,WAAW,EAAE;iBACb,SAAS,CAAC,EAAE,CAAC,GAAG,CAAC,oBAAoB,CAAC,CAAC;iBACvC,MAAM,EAAE,CAAC;YACZ,KAAK,CAAC,GAAG,CAAC,MAAM,EAAE,CAAC,MAAM,EAAE,MAAM,CAAC,CAAC,CAAC;YACpC,KAAK,CAAC,GAAG,CAAC,UAAU,EAAE,SAAS,CAAC,CAAC;YACjC,KAAK,CAAC,IAAI,CAAC,aAAa,CAAC,CAAC;YAC1B,KAAK,CAAC,OAAO,CAAC,cAAc,CAAC,CAAC;YAC9B,KAAK,CAAC,OAAO,CAAC,OAAO,EAAE,IAAI,CAAC,CAAC;YAC7B,KAAK,CAAC,QAAQ,CAAC,aAAa,CAAC,CAAC;YAC9B,KAAK;iBACF,MAAM,CAAC,SAAS,CAAC;iBACjB,UAAU,CAAC,IAAI,CAAC;iBAChB,OAAO,CAAC,OAAO,CAAC;iBAChB,QAAQ,CAAC,SAAS,CAAC;iBACnB,QAAQ,CAAC,SAAS,CAAC,CAAC;YACvB,KAAK,CAAC,OAAO,CAAC,CAAC,IAAI,EAAE,SAAS,CAAC,CAAC,CAAC;YACjC,KAAK,CAAC,OAAO,CAAC,QAAQ,CAAC,CAAC;YACxB,KAAK,CAAC,QAAQ,CAAC,YAAY,CAAC,CAAC,SAAS,CAAC,EAAE,CAAC,EAAE,CAAC,GAAG,EAAE,CAAC,CAAC;YACpD,KAAK,CAAC,OAAO,CAAC,SAAS,CAAC,CAAC,WAAW,EAAE,CAAC;QACzC,CAAC,CAAC;aACD,WAAW,CAAC,UAAU,EAAE,CAAC,KAAK,EAAE,EAAE;YACjC,KAAK,CAAC,MAAM,CAAC,YAAY,CAAC,CAAC,OAAO,EAAE,CAAC;YACrC,KAAK;iBACF,MAAM,CAAC,SAAS,CAAC;iBACjB,UAAU,CAAC,IAAI,CAAC;iBAChB,OAAO,CAAC,OAAO,CAAC;iBAChB,QAAQ,CAAC,SAAS,CAAC;iBACnB,QAAQ,CAAC,SAAS,CAAC,CAAC;YACvB,KAAK,CAAC,QAAQ,CAAC,YAAY,CAAC,CAAC,SAAS,CAAC,EAAE,CAAC,EAAE,CAAC,GAAG,CAAC,CAAC,CAAC,CAAC,CAAC;YACrD,KAAK,CAAC,OAAO,CAAC,YAAY,CAAC,CAAC,WAAW,EAAE,CAAC;QAC5C,CAAC,CAAC;aACD,WAAW,CAAC,kBAAkB,EAAE,CAAC,KAAK,EAAE,EAAE;YACzC,KAAK,CAAC,UAAU,CAAC,IAAI,CAAC,CAAC,OAAO,EAAE,CAAC;YACjC,KAAK,CAAC,MAAM,CAAC,MAAM,CAAC,CAAC;YACrB,KAAK,CAAC,QAAQ,CAAC,aAAa,CAAC,CAAC,WAAW,EAAE,CAAC;QAC9C,CAAC,CAAC;aACD,WAAW,CAAC,wBAAwB,EAAE,CAAC,KAAK,EAAE,EAAE;YAC/C,KAAK,CAAC,UAAU,CAAC,IAAI,CAAC,CAAC,OAAO,EAAE,CAAC;YACjC,KAAK;iBACF,IAAI,CAAC,SAAS,CAAC;iBACf,UAAU,CAAC,SAAS,CAAC;iBACrB,OAAO,CAAC,OAAO,CAAC;iBAChB,QAAQ,CAAC,SAAS,CAAC;iBACnB,QAAQ,CAAC,SAAS,CAAC,CAAC;YACvB,KAAK;iBACF,OAAO,CAAC,aAAa,CAAC;iBACtB,UAAU,CAAC,IAAI,CAAC;iBAChB,OAAO,CAAC,kBAAkB,CAAC;iBAC3B,QAAQ,CAAC,SAAS,CAAC;iBACnB,QAAQ,CAAC,SAAS,CAAC,CAAC;YACvB,KAAK,CAAC,OAAO,CAAC,UAAU,CAAC,CAAC;QAC5B,CAAC,CAAC;aACD,WAAW,CAAC,UAAU,EAAE,CAAC,KAAK,EAAE,EAAE;YACjC,EAAE,CAAC,GAAG,CAAC,4CAA4C,CAAC,CAAC;YACrD,KAAK,CAAC,MAAM,CAAC,MAAM,CAAC,CAAC,SAAS,CAAC,EAAE,CAAC,GAAG,CAAC,oBAAoB,CAAC,CAAC,CAAC,OAAO,EAAE,CAAC;YACvE,KAAK;iBACF,IAAI,CAAC,SAAS,CAAC;iBACf,UAAU,CAAC,SAAS,CAAC;iBACrB,OAAO,CAAC,OAAO,CAAC;iBAChB,QAAQ,CAAC,SAAS,CAAC;iBACnB,QAAQ,CAAC,SAAS,CAAC,CAAC;YACvB,KAAK;iBACF,MAAM,CAAC,SAAS,CAAC;iBACjB,UAAU,CAAC,IAAI,CAAC;iBAChB,OAAO,CAAC,OAAO,CAAC;iBAChB,QAAQ,CAAC,SAAS,CAAC;iBACnB,QAAQ,CAAC,SAAS,CAAC,CAAC;YACvB,KAAK,CAAC,IAAI,CAAC,qBAAqB,CAAC,CAAC,WAAW,EAAE,CAAC;YAChD,KAAK,CAAC,OAAO,CAAC,UAAU,CAAC,CAAC;YAC1B,KAAK,CAAC,QAAQ,CAAC,YAAY,CAAC,CAAC,SAAS,CAAC,EAAE,CAAC,EAAE,CAAC,GAAG,EAAE,CAAC,CAAC,WAAW,EAAE,CAAC;QACpE,CAAC,CAAC,CAAC;IACP,CAAC;CAAA;AA9GD,iBAAS;IACP,EAAE,EAAE,CAAO,EAAQ,EAAE,EAAE;QACrB,OAAO,YAAY,CAAC,EAAE,CAAC,CAAC;IAC1B,CAAC,CAAA;IACD,IAAI,EAAE,CAAO,EAAQ,EAAE,EAAE;QACvB,OAAO,MAAM,EAAE,CAAC,MAAM;aACnB,iBAAiB,CAAC,UAAU,CAAC;aAC7B,iBAAiB,CAAC,wBAAwB,CAAC;aAC3C,iBAAiB,CAAC,kBAAkB,CAAC;aACrC,iBAAiB,CAAC,UAAU,CAAC;aAC7B,iBAAiB,CAAC,OAAO,CAAC;aAC1B,iBAAiB,CAAC,OAAO,CAAC,CAAC;IAChC,CAAC,CAAA;CACF,CAAC;AAkGF,8CAA8C;AAC9C,6DAA6D;AAC7D,4DAA4D;AAC5D,wCAAwC;AACxC,mFAAmF;AACnF,2CAA2C;AAC3C,wCAAwC;AACxC,iCAAiC;AACjC,qCAAqC;AACrC,oCAAoC;AACpC,qCAAqC;AACrC,YAAY;AACZ,2BAA2B;AAC3B,0BAA0B;AAC1B,0BAA0B;AAC1B,8BAA8B;AAC9B,wCAAwC;AACxC,QAAQ;AACR,IAAI;AACJ,4CAA4C;AAC5C,4BAA4B;AAC5B,IAAI","sourcesContent":["import { Knex } from \"knex\";\n\nconst locations: string[] = [\n  \"Laascanod\",\n  \"Burco\",\n  \"Hargeisa\",\n  \"Borama\",\n  \"Ceerigabo\",\n];\n\nexport = {\n  up: async (db: Knex) => {\n    return CreateTables(db);\n  },\n  down: async (db: Knex) => {\n    return await db.schema\n      .dropTableIfExists(\"payments\")\n      .dropTableIfExists(\"homes_nearby_locations\")\n      .dropTableIfExists(\"nearby_locations\")\n      .dropTableIfExists(\"sessions\")\n      .dropTableIfExists(\"homes\")\n      .dropTableIfExists(\"users\");\n  },\n};\n\nasync function CreateTables(db: Knex) {\n  return await db.schema\n    .createTable(\"users\", (table) => {\n      db.raw(\"CREATE EXTENSION IF NOT EXISTS 'uuid-ossp'\");\n      table.string(\"id\").notNullable().unique();\n      table.uuid(\"uuid\").notNullable().defaultTo(db.raw(\"uuid_generate_v4()\"));\n      table.string(\"first_name\").notNullable();\n      table.string(\"middle_name\");\n      table.string(\"last_name\");\n      table.integer(\"phone_number\").unique().notNullable();\n      table.text(\"user_name\").unique().notNullable();\n      table.string(\"profile_pic\", 255);\n      table.integer(\"whatsapp_number\");\n      table.string(\"email\").unique();\n      table.string(\"password\").notNullable();\n      table.primary([\"id\", \"uuid\"]);\n      table.string(\"salt\").notNullable();\n      table.boolean(\"active\");\n    })\n    .createTable(\"homes\", (table) => {\n      db.raw(\"CREATE EXTENSION IF NOT EXISTS 'uuid-ossp'\");\n      table.string(\"id\").notNullable();\n      table\n        .uuid(\"home_id\")\n        .notNullable()\n        .defaultTo(db.raw(\"uuid_generate_v4()\"))\n        .unique();\n      table.enu(\"type\", [\"Rent\", \"Sale\"]);\n      table.enu(\"location\", locations);\n      table.text(\"description\");\n      table.integer(\"room_numbers\");\n      table.decimal(\"price\", null);\n      table.geometry(\"coordinates\");\n      table\n        .string(\"user_id\")\n        .references(\"id\")\n        .inTable(\"users\")\n        .onDelete(\"Cascade\")\n        .onUpdate(\"Cascade\");\n      table.primary([\"id\", \"home_id\"]);\n      table.boolean(\"active\");\n      table.dateTime(\"created_at\").defaultTo(db.fn.now());\n      table.boolean(\"is_paid\").notNullable();\n    })\n    .createTable(\"sessions\", (table) => {\n      table.string(\"session_id\").primary();\n      table\n        .string(\"user_id\")\n        .references(\"id\")\n        .inTable(\"users\")\n        .onDelete(\"Cascade\")\n        .onUpdate(\"Cascade\");\n      table.dateTime(\"created_at\").defaultTo(db.fn.now(6));\n      table.boolean(\"is_revoked\").notNullable();\n    })\n    .createTable(\"nearby_locations\", (table) => {\n      table.increments(\"id\").primary();\n      table.string(\"name\");\n      table.geometry(\"coordinates\").notNullable();\n    })\n    .createTable(\"homes_nearby_locations\", (table) => {\n      table.increments(\"id\").primary();\n      table\n        .uuid(\"home_id\")\n        .references(\"home_id\")\n        .inTable(\"homes\")\n        .onDelete(\"Cascade\")\n        .onUpdate(\"Cascade\");\n      table\n        .integer(\"location_id\")\n        .references(\"id\")\n        .inTable(\"nearby_locations\")\n        .onDelete(\"Cascade\")\n        .onUpdate(\"Cascade\");\n      table.decimal(\"distance\");\n    })\n    .createTable(\"payments\", (table) => {\n      db.raw(\"CREATE EXTENSION IF NOT EXISTS 'uuid-ossp'\");\n      table.string(\"uuid\").defaultTo(db.raw(\"uuid_generate_v4()\")).primary();\n      table\n        .uuid(\"home_id\")\n        .references(\"home_id\")\n        .inTable(\"homes\")\n        .onDelete(\"Cascade\")\n        .onUpdate(\"Cascade\");\n      table\n        .string(\"user_id\")\n        .references(\"id\")\n        .inTable(\"users\")\n        .onDelete(\"Cascade\")\n        .onUpdate(\"Cascade\");\n      table.text(\"payment_description\").notNullable();\n      table.boolean(\"reversed\");\n      table.dateTime(\"created_at\").defaultTo(db.fn.now()).notNullable();\n    });\n}\n// async function createHomesTable(db: Knex) {\n//   return await db.schema.createTable(\"homes\", (table) => {\n//     db.raw(\"CREATE EXTENSION IF NOT EXISTS 'uuid-ossp'\");\n//     table.string(\"id\").notNullable();\n//     table.uuid(\"home_id\").notNullable().defaultTo(db.raw(\"uuid_generate_v4()\"));\n//     table.enu(\"type\", [\"Rent\", \"Sale\"]);\n//     table.enu(\"location\", locations);\n//     table.text(\"description\");\n//     table.integer(\"room_numbers\");\n//     table.decimal(\"price\", null);\n//     table.geometry(\"coordinates\");\n//     table\n//       .string(\"user_id\")\n//       .references(\"id\")\n//       .inTable(\"users\")\n//       .onDelete(\"Cascade\");\n//     table.primary([\"id\", \"home_id\"]);\n//   });\n// }\n// async function createLoggedIn(db: Knex) {\n//   return await db.schema;\n// }\n"]},"_coverageSchema":"1a1c01bbd47fc00a2c39e90264f33305004495a9","hash":"5414fa7950adba504b870d06aae2d5bae249cd47","contentHash":"ec34e6258a543c68992fa0b194e4d4f6d36176e1d57efbdd148954beea70b4cc"},"/media/omo/Stuff/myprojects/GuriRaadi/src/controller/home_controller.ts":{"path":"/media/omo/Stuff/myprojects/GuriRaadi/src/controller/home_controller.ts","statementMap":{"0":{"start":{"line":2,"column":16},"end":{"line":10,"column":1}},"1":{"start":{"line":3,"column":28},"end":{"line":3,"column":110}},"2":{"start":{"line":3,"column":91},"end":{"line":3,"column":106}},"3":{"start":{"line":4,"column":4},"end":{"line":9,"column":7}},"4":{"start":{"line":5,"column":36},"end":{"line":5,"column":97}},"5":{"start":{"line":5,"column":42},"end":{"line":5,"column":70}},"6":{"start":{"line":5,"column":85},"end":{"line":5,"column":95}},"7":{"start":{"line":6,"column":35},"end":{"line":6,"column":100}},"8":{"start":{"line":6,"column":41},"end":{"line":6,"column":73}},"9":{"start":{"line":6,"column":88},"end":{"line":6,"column":98}},"10":{"start":{"line":7,"column":32},"end":{"line":7,"column":116}},"11":{"start":{"line":8,"column":8},"end":{"line":8,"column":78}},"12":{"start":{"line":11,"column":22},"end":{"line":13,"column":1}},"13":{"start":{"line":12,"column":4},"end":{"line":12,"column":62}},"14":{"start":{"line":14,"column":0},"end":{"line":14,"column":62}},"15":{"start":{"line":15,"column":0},"end":{"line":15,"column":94}},"16":{"start":{"line":16,"column":13},"end":{"line":16,"column":65}},"17":{"start":{"line":17,"column":26},"end":{"line":17,"column":97}},"18":{"start":{"line":18,"column":17},"end":{"line":18,"column":60}},"19":{"start":{"line":19,"column":16},"end":{"line":29,"column":2}},"20":{"start":{"line":19,"column":26},"end":{"line":29,"column":2}},"21":{"start":{"line":20,"column":22},"end":{"line":20,"column":43}},"22":{"start":{"line":21,"column":15},"end":{"line":21,"column":17}},"23":{"start":{"line":22,"column":4},"end":{"line":27,"column":5}},"24":{"start":{"line":23,"column":8},"end":{"line":26,"column":48}},"25":{"start":{"line":25,"column":28},"end":{"line":25,"column":38}},"26":{"start":{"line":26,"column":26},"end":{"line":26,"column":46}},"27":{"start":{"line":28,"column":4},"end":{"line":28,"column":33}},"28":{"start":{"line":30,"column":0},"end":{"line":30,"column":26}},"29":{"start":{"line":31,"column":23},"end":{"line":31,"column":82}},"30":{"start":{"line":31,"column":31},"end":{"line":31,"column":82}},"31":{"start":{"line":32,"column":0},"end":{"line":32,"column":40}},"32":{"start":{"line":33,"column":20},"end":{"line":33,"column":79}},"33":{"start":{"line":33,"column":28},"end":{"line":33,"column":79}},"34":{"start":{"line":34,"column":0},"end":{"line":34,"column":34}},"35":{"start":{"line":35,"column":20},"end":{"line":35,"column":77}},"36":{"start":{"line":35,"column":26},"end":{"line":35,"column":77}},"37":{"start":{"line":36,"column":0},"end":{"line":36,"column":34}},"38":{"start":{"line":37,"column":24},"end":{"line":40,"column":1}},"39":{"start":{"line":39,"column":4},"end":{"line":39,"column":76}}},"fnMap":{"0":{"name":"(anonymous_0)","decl":{"start":{"line":2,"column":44},"end":{"line":2,"column":45}},"loc":{"start":{"line":2,"column":89},"end":{"line":10,"column":1}},"line":2},"1":{"name":"adopt","decl":{"start":{"line":3,"column":13},"end":{"line":3,"column":18}},"loc":{"start":{"line":3,"column":26},"end":{"line":3,"column":112}},"line":3},"2":{"name":"(anonymous_2)","decl":{"start":{"line":3,"column":70},"end":{"line":3,"column":71}},"loc":{"start":{"line":3,"column":89},"end":{"line":3,"column":108}},"line":3},"3":{"name":"(anonymous_3)","decl":{"start":{"line":4,"column":36},"end":{"line":4,"column":37}},"loc":{"start":{"line":4,"column":63},"end":{"line":9,"column":5}},"line":4},"4":{"name":"fulfilled","decl":{"start":{"line":5,"column":17},"end":{"line":5,"column":26}},"loc":{"start":{"line":5,"column":34},"end":{"line":5,"column":99}},"line":5},"5":{"name":"rejected","decl":{"start":{"line":6,"column":17},"end":{"line":6,"column":25}},"loc":{"start":{"line":6,"column":33},"end":{"line":6,"column":102}},"line":6},"6":{"name":"step","decl":{"start":{"line":7,"column":17},"end":{"line":7,"column":21}},"loc":{"start":{"line":7,"column":30},"end":{"line":7,"column":118}},"line":7},"7":{"name":"(anonymous_7)","decl":{"start":{"line":11,"column":56},"end":{"line":11,"column":57}},"loc":{"start":{"line":11,"column":71},"end":{"line":13,"column":1}},"line":11},"8":{"name":"(anonymous_8)","decl":{"start":{"line":19,"column":16},"end":{"line":19,"column":17}},"loc":{"start":{"line":19,"column":26},"end":{"line":29,"column":2}},"line":19},"9":{"name":"(anonymous_9)","decl":{"start":{"line":19,"column":60},"end":{"line":19,"column":61}},"loc":{"start":{"line":19,"column":73},"end":{"line":29,"column":1}},"line":19},"10":{"name":"(anonymous_10)","decl":{"start":{"line":25,"column":18},"end":{"line":25,"column":19}},"loc":{"start":{"line":25,"column":28},"end":{"line":25,"column":38}},"line":25},"11":{"name":"(anonymous_11)","decl":{"start":{"line":26,"column":19},"end":{"line":26,"column":20}},"loc":{"start":{"line":26,"column":26},"end":{"line":26,"column":46}},"line":26},"12":{"name":"(anonymous_12)","decl":{"start":{"line":31,"column":23},"end":{"line":31,"column":24}},"loc":{"start":{"line":31,"column":31},"end":{"line":31,"column":82}},"line":31},"13":{"name":"(anonymous_13)","decl":{"start":{"line":31,"column":65},"end":{"line":31,"column":66}},"loc":{"start":{"line":31,"column":78},"end":{"line":31,"column":81}},"line":31},"14":{"name":"(anonymous_14)","decl":{"start":{"line":33,"column":20},"end":{"line":33,"column":21}},"loc":{"start":{"line":33,"column":28},"end":{"line":33,"column":79}},"line":33},"15":{"name":"(anonymous_15)","decl":{"start":{"line":33,"column":62},"end":{"line":33,"column":63}},"loc":{"start":{"line":33,"column":75},"end":{"line":33,"column":78}},"line":33},"16":{"name":"(anonymous_16)","decl":{"start":{"line":35,"column":20},"end":{"line":35,"column":21}},"loc":{"start":{"line":35,"column":26},"end":{"line":35,"column":77}},"line":35},"17":{"name":"(anonymous_17)","decl":{"start":{"line":35,"column":60},"end":{"line":35,"column":61}},"loc":{"start":{"line":35,"column":73},"end":{"line":35,"column":76}},"line":35},"18":{"name":"(anonymous_18)","decl":{"start":{"line":37,"column":24},"end":{"line":37,"column":25}},"loc":{"start":{"line":37,"column":40},"end":{"line":40,"column":1}},"line":37}},"branchMap":{"0":{"loc":{"start":{"line":2,"column":16},"end":{"line":10,"column":1}},"type":"binary-expr","locations":[{"start":{"line":2,"column":17},"end":{"line":2,"column":21}},{"start":{"line":2,"column":25},"end":{"line":2,"column":39}},{"start":{"line":2,"column":44},"end":{"line":10,"column":1}}],"line":2},"1":{"loc":{"start":{"line":3,"column":35},"end":{"line":3,"column":109}},"type":"cond-expr","locations":[{"start":{"line":3,"column":56},"end":{"line":3,"column":61}},{"start":{"line":3,"column":64},"end":{"line":3,"column":109}}],"line":3},"2":{"loc":{"start":{"line":4,"column":16},"end":{"line":4,"column":34}},"type":"binary-expr","locations":[{"start":{"line":4,"column":16},"end":{"line":4,"column":17}},{"start":{"line":4,"column":22},"end":{"line":4,"column":33}}],"line":4},"3":{"loc":{"start":{"line":7,"column":32},"end":{"line":7,"column":115}},"type":"cond-expr","locations":[{"start":{"line":7,"column":46},"end":{"line":7,"column":67}},{"start":{"line":7,"column":70},"end":{"line":7,"column":115}}],"line":7},"4":{"loc":{"start":{"line":8,"column":51},"end":{"line":8,"column":67}},"type":"binary-expr","locations":[{"start":{"line":8,"column":51},"end":{"line":8,"column":61}},{"start":{"line":8,"column":65},"end":{"line":8,"column":67}}],"line":8},"5":{"loc":{"start":{"line":11,"column":22},"end":{"line":13,"column":1}},"type":"binary-expr","locations":[{"start":{"line":11,"column":23},"end":{"line":11,"column":27}},{"start":{"line":11,"column":31},"end":{"line":11,"column":51}},{"start":{"line":11,"column":56},"end":{"line":13,"column":1}}],"line":11},"6":{"loc":{"start":{"line":12,"column":11},"end":{"line":12,"column":61}},"type":"cond-expr","locations":[{"start":{"line":12,"column":37},"end":{"line":12,"column":40}},{"start":{"line":12,"column":43},"end":{"line":12,"column":61}}],"line":12},"7":{"loc":{"start":{"line":12,"column":12},"end":{"line":12,"column":33}},"type":"binary-expr","locations":[{"start":{"line":12,"column":12},"end":{"line":12,"column":15}},{"start":{"line":12,"column":19},"end":{"line":12,"column":33}}],"line":12},"8":{"loc":{"start":{"line":22,"column":4},"end":{"line":27,"column":5}},"type":"if","locations":[{"start":{"line":22,"column":4},"end":{"line":27,"column":5}},{"start":{"line":22,"column":4},"end":{"line":27,"column":5}}],"line":22},"9":{"loc":{"start":{"line":39,"column":11},"end":{"line":39,"column":75}},"type":"binary-expr","locations":[{"start":{"line":39,"column":11},"end":{"line":39,"column":25}},{"start":{"line":39,"column":30},"end":{"line":39,"column":50}},{"start":{"line":39,"column":54},"end":{"line":39,"column":74}}],"line":39}},"s":{"0":1,"1":0,"2":0,"3":1,"4":0,"5":0,"6":0,"7":0,"8":0,"9":0,"10":1,"11":1,"12":1,"13":2,"14":1,"15":1,"16":1,"17":1,"18":1,"19":1,"20":1,"21":1,"22":1,"23":1,"24":1,"25":1,"26":0,"27":0,"28":1,"29":1,"30":0,"31":1,"32":1,"33":0,"34":1,"35":1,"36":0,"37":1,"38":1,"39":1},"f":{"0":1,"1":0,"2":0,"3":1,"4":0,"5":0,"6":1,"7":2,"8":1,"9":1,"10":1,"11":0,"12":0,"13":0,"14":0,"15":0,"16":0,"17":0,"18":1},"b":{"0":[1,1,1],"1":[0,0],"2":[1,1],"3":[1,0],"4":[1,1],"5":[1,1,1],"6":[2,0],"7":[2,2],"8":[1,0],"9":[1,1,1]},"inputSourceMap":{"version":3,"file":"/media/omo/Stuff/myprojects/GuriRaadi/src/controller/home_controller.ts","sources":["/media/omo/Stuff/myprojects/GuriRaadi/src/controller/home_controller.ts"],"names":[],"mappings":";;;;;;;;;;;;;;;AAAA,kEAA0C;AAC1C,kGAAmE;AAGnE,MAAM,QAAQ,GAAc,IAAI,yBAAQ,CAAC,YAAE,CAAC,CAAC;AAEtC,MAAM,OAAO,GAAG,CAAO,IAAgB,EAA6B,EAAE;IAC3E,MAAM,SAAS,GAAG,eAAe,CAAC,IAAI,CAAC,CAAC;IACxC,IAAI,IAAI,GAAa,EAAE,CAAC;IACxB,IAAI,SAAS,EAAE;QACb,OAAO,QAAQ;aACZ,OAAO,CAAC,IAAI,CAAC;aACb,IAAI,CAAC,CAAC,GAAG,EAAE,EAAE,CAAC,CAAC,IAAI,GAAG,GAAG,CAAC,CAAC;aAC3B,KAAK,CAAC,CAAC,CAAC,EAAE,EAAE,CAAC,IAAI,KAAK,CAAC,CAAC,CAAC,OAAO,CAAC,CAAC,CAAC;KACvC;IACD,OAAO,OAAO,CAAC,OAAO,CAAC,IAAI,CAAC,CAAC;AAC/B,CAAC,CAAA,CAAC;AAVW,QAAA,OAAO,WAUlB;AACK,MAAM,cAAc,GAAG,CAAO,EAAU,EAAE,EAAE,kDAAE,CAAC,CAAA,CAAC;AAA1C,QAAA,cAAc,kBAA4B;AAChD,MAAM,WAAW,GAAG,CAAO,EAAU,EAAE,EAAE,kDAAE,CAAC,CAAA,CAAC;AAAvC,QAAA,WAAW,eAA4B;AAC7C,MAAM,WAAW,GAAG,GAAS,EAAE,kDAAE,CAAC,CAAA,CAAC;AAA7B,QAAA,WAAW,eAAkB;AAE1C,MAAM,eAAe,GAAG,UAAU,IAAS;IACzC,2BAA2B;IAC3B,OAAO,MAAM,IAAI,IAAI,IAAI,CAAC,IAAI,CAAC,IAAI,KAAK,MAAM,IAAI,IAAI,CAAC,IAAI,KAAK,MAAM,CAAC,CAAC;AAC1E,CAAC,CAAC","sourcesContent":["import db from \"../data-access/config/db\";\nimport HomeRepo from \"../data-access/repositories/home_repository\";\nimport { HomeModel, HomeObject } from \"../data-access/repositories/home_model\";\n\nconst homeRepo: HomeModel = new HomeRepo(db);\n\nexport const addHome = async (home: HomeObject): Promise<number[] | Error> => {\n  const isHomeObj = validateHomeObj(home);\n  let uuid: number[] = [];\n  if (isHomeObj) {\n    return homeRepo\n      .addHome(home)\n      .then((val) => (uuid = val))\n      .catch((e) => new Error(e.message));\n  }\n  return Promise.resolve(uuid);\n};\nexport const deactivateHome = async (id: string) => {};\nexport const getHomeById = async (id: string) => {};\nexport const getAllHomes = async () => {};\n\nconst validateHomeObj = function (home: any): home is HomeObject {\n  //TODO Add more validations\n  return \"type\" in home && (home.type === \"Rent\" || home.type === \"Sale\");\n};\n"]},"_coverageSchema":"1a1c01bbd47fc00a2c39e90264f33305004495a9","hash":"bf785f4a5e624bba9e2cab6cf27cc722cf64f810","contentHash":"7118719b21dbbdddb5b70db965ff4ce37e23eb9cde9b92acb6d6bfbcbd0212fa"},"/media/omo/Stuff/myprojects/GuriRaadi/src/data-access/repositories/home_repository.ts":{"path":"/media/omo/Stuff/myprojects/GuriRaadi/src/data-access/repositories/home_repository.ts","statementMap":{"0":{"start":{"line":2,"column":16},"end":{"line":10,"column":1}},"1":{"start":{"line":3,"column":28},"end":{"line":3,"column":110}},"2":{"start":{"line":3,"column":91},"end":{"line":3,"column":106}},"3":{"start":{"line":4,"column":4},"end":{"line":9,"column":7}},"4":{"start":{"line":5,"column":36},"end":{"line":5,"column":97}},"5":{"start":{"line":5,"column":42},"end":{"line":5,"column":70}},"6":{"start":{"line":5,"column":85},"end":{"line":5,"column":95}},"7":{"start":{"line":6,"column":35},"end":{"line":6,"column":100}},"8":{"start":{"line":6,"column":41},"end":{"line":6,"column":73}},"9":{"start":{"line":6,"column":88},"end":{"line":6,"column":98}},"10":{"start":{"line":7,"column":32},"end":{"line":7,"column":116}},"11":{"start":{"line":8,"column":8},"end":{"line":8,"column":78}},"12":{"start":{"line":11,"column":0},"end":{"line":11,"column":62}},"13":{"start":{"line":14,"column":8},"end":{"line":14,"column":42}},"14":{"start":{"line":14,"column":28},"end":{"line":14,"column":41}},"15":{"start":{"line":17,"column":8},"end":{"line":19,"column":11}},"16":{"start":{"line":18,"column":12},"end":{"line":18,"column":73}},"17":{"start":{"line":22,"column":8},"end":{"line":24,"column":11}},"18":{"start":{"line":23,"column":12},"end":{"line":23,"column":78}},"19":{"start":{"line":27,"column":8},"end":{"line":29,"column":11}},"20":{"start":{"line":28,"column":12},"end":{"line":28,"column":51}},"21":{"start":{"line":32,"column":8},"end":{"line":34,"column":11}},"22":{"start":{"line":33,"column":12},"end":{"line":33,"column":74}},"23":{"start":{"line":37,"column":0},"end":{"line":37,"column":27}}},"fnMap":{"0":{"name":"(anonymous_0)","decl":{"start":{"line":2,"column":44},"end":{"line":2,"column":45}},"loc":{"start":{"line":2,"column":89},"end":{"line":10,"column":1}},"line":2},"1":{"name":"adopt","decl":{"start":{"line":3,"column":13},"end":{"line":3,"column":18}},"loc":{"start":{"line":3,"column":26},"end":{"line":3,"column":112}},"line":3},"2":{"name":"(anonymous_2)","decl":{"start":{"line":3,"column":70},"end":{"line":3,"column":71}},"loc":{"start":{"line":3,"column":89},"end":{"line":3,"column":108}},"line":3},"3":{"name":"(anonymous_3)","decl":{"start":{"line":4,"column":36},"end":{"line":4,"column":37}},"loc":{"start":{"line":4,"column":63},"end":{"line":9,"column":5}},"line":4},"4":{"name":"fulfilled","decl":{"start":{"line":5,"column":17},"end":{"line":5,"column":26}},"loc":{"start":{"line":5,"column":34},"end":
[...]
,"decl":{"start":{"line":25,"column":44},"end":{"line":25,"column":45}},"loc":{"start":{"line":25,"column":89},"end":{"line":33,"column":1}},"line":25},"7":{"name":"adopt","decl":{"start":{"line":26,"column":13},"end":{"line":26,"column":18}},"loc":{"start":{"line":26,"column":26},"end":{"line":26,"column":112}},"line":26},"8":{"name":"(anonymous_8)","decl":{"start":{"line":26,"column":70},"end":{"line":26,"column":71}},"loc":{"start":{"line":26,"column":89},"end":{"line":26,"column":108}},"line":26},"9":{"name":"(anonymous_9)","decl":{"start":{"line":27,"column":36},"end":{"line":27,"column":37}},"loc":{"start":{"line":27,"column":63},"end":{"line":32,"column":5}},"line":27},"10":{"name":"fulfilled","decl":{"start":{"line":28,"column":17},"end":{"line":28,"column":26}},"loc":{"start":{"line":28,"column":34},"end":{"line":28,"column":99}},"line":28},"11":{"name":"rejected","decl":{"start":{"line":29,"column":17},"end":{"line":29,"column":25}},"loc":{"start":{"line":29,"column":33},"end":{"line":29,"column":102}},"line":29},"12":{"name":"step","decl":{"start":{"line":30,"column":17},"end":{"line":30,"column":21}},"loc":{"start":{"line":30,"column":30},"end":{"line":30,"column":118}},"line":30},"13":{"name":"(anonymous_13)","decl":{"start":{"line":34,"column":56},"end":{"line":34,"column":57}},"loc":{"start":{"line":34,"column":71},"end":{"line":36,"column":1}},"line":34},"14":{"name":"(anonymous_14)","decl":{"start":{"line":41,"column":27},"end":{"line":41,"column":28}},"loc":{"start":{"line":41,"column":33},"end":{"line":96,"column":1}},"line":41},"15":{"name":"(anonymous_15)","decl":{"start":{"line":44,"column":39},"end":{"line":44,"column":40}},"loc":{"start":{"line":44,"column":45},"end":{"line":62,"column":6}},"line":44},"16":{"name":"(anonymous_16)","decl":{"start":{"line":44,"column":79},"end":{"line":44,"column":80}},"loc":{"start":{"line":44,"column":92},"end":{"line":62,"column":5}},"line":44},"17":{"name":"(anonymous_17)","decl":{"start":{"line":63,"column":38},"end":{"line":63,"column":39}},"loc":{"start":{"line":63,"column":44},"end":{"line":73,"column":6}},"line":63},"18":{"name":"(anonymous_18)","decl":{"start":{"line":63,"column":78},"end":{"line":63,"column":79}},"loc":{"start":{"line":63,"column":91},"end":{"line":73,"column":5}},"line":63},"19":{"name":"(anonymous_19)","decl":{"start":{"line":74,"column":28},"end":{"line":74,"column":29}},"loc":{"start":{"line":74,"column":34},"end":{"line":78,"column":6}},"line":74},"20":{"name":"(anonymous_20)","decl":{"start":{"line":74,"column":68},"end":{"line":74,"column":69}},"loc":{"start":{"line":74,"column":81},"end":{"line":78,"column":5}},"line":74},"21":{"name":"(anonymous_21)","decl":{"start":{"line":79,"column":42},"end":{"line":79,"column":43}},"loc":{"start":{"line":79,"column":48},"end":{"line":84,"column":6}},"line":79},"22":{"name":"(anonymous_22)","decl":{"start":{"line":79,"column":82},"end":{"line":79,"column":83}},"loc":{"start":{"line":79,"column":95},"end":{"line":84,"column":5}},"line":79},"23":{"name":"(anonymous_23)","decl":{"start":{"line":85,"column":35},"end":{"line":85,"column":36}},"loc":{"start":{"line":85,"column":41},"end":{"line":89,"column":6}},"line":85},"24":{"name":"(anonymous_24)","decl":{"start":{"line":85,"column":75},"end":{"line":85,"column":76}},"loc":{"start":{"line":85,"column":88},"end":{"line":89,"column":5}},"line":85},"25":{"name":"(anonymous_25)","decl":{"start":{"line":90,"column":28},"end":{"line":90,"column":29}},"loc":{"start":{"line":90,"column":34},"end":{"line":95,"column":6}},"line":90},"26":{"name":"(anonymous_26)","decl":{"start":{"line":90,"column":68},"end":{"line":90,"column":69}},"loc":{"start":{"line":90,"column":81},"end":{"line":95,"column":5}},"line":90}},"branchMap":{"0":{"loc":{"start":{"line":2,"column":22},"end":{"line":12,"column":3}},"type":"binary-expr","locations":[{"start":{"line":2,"column":23},"end":{"line":2,"column":27}},{"start":{"line":2,"column":31},"end":{"line":2,"column":51}},{"start":{"line":2,"column":57},"end":{"line":12,"column":2}}],"line":2},"1":{"loc":{"start":{"line":2,"column":57},"end":{"line":12,"column":2}},"type":"cond-expr","locations":[{"start":{"line":2,"column":74},"end":{"line":9,"column":1}},{"start":{"line":9,"column":6},"end":{"line":12,"column":1}}],"line":2},"2":{"loc":{"start":{"line":3,"column":4},"end":{"line":3,"column":33}},"type":"if","locations":[{"start":{"line":3,"column":4},"end":{"line":3,"column":33}},{"start":{"line":3,"column":4},"end":{"line":3,"column":33}}],"line":3},"3":{"loc":{"start":{"line":5,"column":4},"end":{"line":7,"column":5}},"type":"if","locations":[{"start":{"line":5,"column":4},"end":{"line":7,"column":5}},{"start":{"line":5,"column":4},"end":{"line":7,"column":5}}],"line":5},"4":{"loc":{"start":{"line":5,"column":8},"end":{"line":5,"column":85}},"type":"binary-expr","locations":[{"start":{"line":5,"column":8},"end":{"line":5,"column":13}},{"start":{"line":5,"column":18},"end":{"line":5,"column":84}}],"line":5},"5":{"loc":{"start":{"line":5,"column":18},"end":{"line":5,"column":84}},"type":"cond-expr","locations":[{"start":{"line":5,"column":34},"end":{"line":5,"column":47}},{"start":{"line":5,"column":50},"end":{"line":5,"column":84}}],"line":5},"6":{"loc":{"start":{"line":5,"column":50},"end":{"line":5,"column":84}},"type":"binary-expr","locations":[{"start":{"line":5,"column":50},"end":{"line":5,"column":63}},{"start":{"line":5,"column":67},"end":{"line":5,"column":84}}],"line":5},"7":{"loc":{"start":{"line":10,"column":4},"end":{"line":10,"column":33}},"type":"if","locations":[{"start":{"line":10,"column":4},"end":{"line":10,"column":33}},{"start":{"line":10,"column":4},"end":{"line":10,"column":33}}],"line":10},"8":{"loc":{"start":{"line":13,"column":25},"end":{"line":17,"column":2}},"type":"binary-expr","locations":[{"start":{"line":13,"column":26},"end":{"line":13,"column":30}},{"start":{"line":13,"column":34},"end":{"line":13,"column":57}},{"start":{"line":13,"column":63},"end":{"line":17,"column":1}}],"line":13},"9":{"loc":{"start":{"line":13,"column":63},"end":{"line":17,"column":1}},"type":"cond-expr","locations":[{"start":{"line":13,"column":80},"end":{"line":15,"column":1}},{"start":{"line":15,"column":5},"end":{"line":17,"column":1}}],"line":13},"10":{"loc":{"start":{"line":18,"column":19},"end":{"line":24,"column":1}},"type":"binary-expr","locations":[{"start":{"line":18,"column":20},"end":{"line":18,"column":24}},{"start":{"line":18,"column":28},"end":{"line":18,"column":45}},{"start":{"line":18,"column":50},"end":{"line":24,"column":1}}],"line":18},"11":{"loc":{"start":{"line":19,"column":4},"end":{"line":19,"column":42}},"type":"if","locations":[{"start":{"line":19,"column":4},"end":{"line":19,"column":42}},{"start":{"line":19,"column":4},"end":{"line":19,"column":42}}],"line":19},"12":{"loc":{"start":{"line":19,"column":8},"end":{"line":19,"column":29}},"type":"binary-expr","locations":[{"start":{"line":19,"column":8},"end":{"line":19,"column":11}},{"start":{"line":19,"column":15},"end":{"line":19,"column":29}}],"line":19},"13":{"loc":{"start":{"line":21,"column":4},"end":{"line":21,"column":141}},"type":"if","locations":[{"start":{"line":21,"column":4},"end":{"line":21,"column":141}},{"start":{"line":21,"column":4},"end":{"line":21,"column":141}}],"line":21},"14":{"loc":{"start":{"line":21,"column":40},"end":{"line":21,"column":141}},"type":"if","locations":[{"start":{"line":21,"column":40},"end":{"line":21,"column":141}},{"start":{"line":21,"column":40},"end":{"line":21,"column":141}}],"line":21},"15":{"loc":{"start":{"line":21,"column":44},"end":{"line":21,"column":107}},"type":"binary-expr","locations":[{"start":{"line":21,"column":44},"end":{"line":21,"column":59}},{"start":{"line":21,"column":63},"end":{"line":21,"column":107}}],"line":21},"16":{"loc":{"start":{"line":25,"column":16},"end":{"line":33,"column":1}},"type":"binary-expr","locations":[{"start":{"line":25,"column":17},"end":{"line":25,"column":21}},{"start":{"line":25,"column":25},"end":{"line":25,"column":39}},{"start":{"line":25,"column":44},"end":{"line":33,"column":1}}],"line":25},"17":{"loc":{"start":{"line":26,"column":35},"end":{"line":26,"column":109}},"type":"cond-expr","locations":[{"start":{"line":26,"column":56},"end":{"line":26,"column":61}},{"start":{"line":26,"column":64},"end":{"line":26,"column":109}}],"line":26},"18":{"loc":{"start":{"line":27,"column":16},"end":{"line":27,"column":34}},"type":"binary-expr","locations":[{"start":{"line":27,"column":16},"end":{"line":27,"column":17}},{"start":{"line":27,"column":22},"end":{"line":27,"column":33}}],"line":27},"19":{"loc":{"start":{"line":30,"column":32},"end":{"line":30,"column":115}},"type":"cond-expr","locations":[{"start":{"line":30,"column":46},"end":{"line":30,"column":67}},{"start":{"line":30,"column":70},"end":{"line":30,"column":115}}],"line":30},"20":{"loc":{"start":{"line":31,"column":51},"end":{"line":31,"column":67}},"type":"binary-expr","locations":[{"start":{"line":31,"column":51},"end":{"line":31,"column":61}},{"start":{"line":31,"column":65},"end":{"line":31,"column":67}}],"line":31},"21":{"loc":{"start":{"line":34,"column":22},"end":{"line":36,"column":1}},"type":"binary-expr","locations":[{"start":{"line":34,"column":23},"end":{"line":34,"column":27}},{"start":{"line":34,"column":31},"end":{"line":34,"column":51}},{"start":{"line":34,"column":56},"end":{"line":36,"column":1}}],"line":34},"22":{"loc":{"start":{"line":35,"column":11},"end":{"line":35,"column":61}},"type":"cond-expr","locations":[{"start":{"line":35,"column":37},"end":{"line":35,"column":40}},{"start":{"line":35,"column":43},"end":{"line":35,"column":61}}],"line":35},"23":{"loc":{"start":{"line":35,"column":12},"end":{"line":35,"column":33}},"type":"binary-expr","locations":[{"start":{"line":35,"column":12},"end":{"line":35,"column":15}},{"start":{"line":35,"column":19},"end":{"line":35,"column":33}}],"line":35},"24":{"loc":{"start":{"line":59,"column":15},"end":{"line":59,"column":71}},"type":"cond-expr","locations":[{"start":{"line":59,"column":52},"end":{"line":59,"column":58}},{"start":{"line":59,"column":61},"end":{"line":59,"column":71}}],"line":59},"25":{"loc":{"start":{"line":59,"column":15},"end":{"line":59,"column":49}},"type":"binary-expr","locations":[{"start":{"line":59,"column":15},"end":{"line":59,"column":29}},{"start":{"line":59,"column":33},"end":{"line":59,"column":49}}],"line":59},"26":{"loc":{"start":{"line":70,"column":15},"end":{"line":70,"column":77}},"type":"cond-expr","locations":[{"start":{"line":70,"column":54},"end":{"line":70,"column":60}},{"start":{"line":70,"column":63},"end":{"line":70,"column":77}}],"line":70},"27":{"loc":{"start":{"line":70,"column":15},"end":{"line":70,"column":51}},"type":"binary-expr","locations":[{"start":{"line":70,"column":15},"end":{"line":70,"column":30}},{"start":{"line":70,"column":34},"end":{"line":70,"column":51}}],"line":70},"28":{"loc":{"start":{"line":71,"column":15},"end":{"line":71,"column":74}},"type":"cond-expr","locations":[{"start":{"line":71,"column":54},"end":{"line":71,"column":60}},{"start":{"line":71,"column":63},"end":{"line":71,"column":74}}],"line":71},"29":{"loc":{"start":{"line":71,"column":15},"end":{"line":71,"column":51}},"type":"binary-expr","locations":[{"start":{"line":71,"column":15},"end":{"line":71,"column":30}},{"start":{"line":71,"column":34},"end":{"line":71,"column":51}}],"line":71},"30":{"loc":{"start":{"line":72,"column":15},"end":{"line":72,"column":73}},"type":"cond-expr","locations":[{"start":{"line":72,"column":54},"end":{"line":72,"column":60}},{"start":{"line":72,"column":63},"end":{"line":72,"column":73}}],"line":72},"31":{"loc":{"start":{"line":72,"column":15},"end":{"line":72,"column":51}},"type":"binary-expr","locations":[{"start":{"line":72,"column":15},"end":{"line":72,"column":30}},{"start":{"line":72,"column":34},"end":{"line":72,"column":51}}],"line":72},"32":{"loc":{"start":{"line":92,"column":15},"end":{"line":92,"column":68}},"type":"cond-expr","locations":[{"start":{"line":92,"column":48},"end":{"line":92,"column":54}},{"start":{"line":92,"column":57},"end":{"line":92,"column":68}}],"line":92},"33":{"loc":{"start":{"line":92,"column":15},"end":{"line":92,"column":45}},"type":"binary-expr","locations":[{"start":{"line":92,"column":15},"end":{"line":92,"column":27}},{"start":{"line":92,"column":31},"end":{"line":92,"column":45}}],"line":92},"34":{"loc":{"start":{"line":93,"column":15},"end":{"line":93,"column":65}},"type":"cond-expr","locations":[{"start":{"line":93,"column":48},"end":{"line":93,"column":54}},{"start":{"line":93,"column":57},"end":{"line":93,"column":65}}],"line":93},"35":{"loc":{"start":{"line":93,"column":15},"end":{"line":93,"column":45}},"type":"binary-expr","locations":[{"start":{"line":93,"column":15},"end":{"line":93,"column":27}},{"start":{"line":93,"column":31},"end":{"line":93,"column":45}}],"line":93},"36":{"loc":{"start":{"line":94,"column":15},"end":{"line":94,"column":64}},"type":"cond-expr","locations":[{"start":{"line":94,"column":48},"end":{"line":94,"column":54}},{"start":{"line":94,"column":57},"end":{"line":94,"column":64}}],"line":94},"37":{"loc":{"start":{"line":94,"column":15},"end":{"line":94,"column":45}},"type":"binary-expr","locations":[{"start":{"line":94,"column":15},"end":{"line":94,"column":27}},{"start":{"line":94,"column":31},"end":{"line":94,"column":45}}],"line":94}},"s":{"0":1,"1":0,"2":0,"3":0,"4":0,"5":0,"6":0,"7":0,"8":0,"9":0,"10":0,"11":1,"12":0,"13":0,"14":1,"15":1,"16":1,"17":0,"18":0,"19":0,"20":0,"21":0,"22":0,"23":0,"24":1,"25":6,"26":0,"27":6,"28":6,"29":6,"30":0,"31":0,"32":0,"33":0,"34":12,"35":6,"36":1,"37":1,"38":1,"39":1,"40":1,"41":1,"42":1,"43":1,"44":1,"45":1,"46":1,"47":1,"48":1,"49":1,"50":1,"51":1,"52":1,"53":1,"54":1,"55":1,"56":1,"57":1,"58":1,"59":1,"60":1,"61":1,"62":1,"63":1,"64":1,"65":1,"66":1,"67":1,"68":1,"69":1,"70":1,"71":1,"72":1,"73":1,"74":1,"75":1,"76":1,"77":1,"78":1,"79":1,"80":1,"81":1,"82":1},"f":{"0":0,"1":0,"2":0,"3":0,"4":0,"5":1,"6":6,"7":6,"8":0,"9":6,"10":6,"11":0,"12":12,"13":1,"14":1,"15":1,"16":1,"17":1,"18":1,"19":1,"20":1,"21":1,"22":1,"23":1,"24":1,"25":1,"26":1},"b":{"0":[1,1,1],"1":[1,0],"2":[0,0],"3":[0,0],"4":[0,0],"5":[0,0],"6":[0,0],"7":[0,0],"8":[1,1,1],"9":[1,0],"10":[1,1,1],"11":[1,0],"12":[1,1],"13":[0,0],"14":[0,0],"15":[0,0],"16":[1,1,1],"17":[6,0],"18":[6,6],"19":[6,6],"20":[6,6],"21":[1,1,1],"22":[0,1],"23":[1,1],"24":[0,1],"25":[1,1],"26":[0,1],"27":[1,1],"28":[0,1],"29":[1,1],"30":[0,1],"31":[1,1],"32":[0,1],"33":[1,1],"34":[0,1],"35":[1,1],"36":[0,1],"37":[1,1]},"inputSourceMap":{"version":3,"file":"/media/omo/Stuff/myprojects/GuriRaadi/src/tests/Users.spec.ts","sources":["/media/omo/Stuff/myprojects/GuriRaadi/src/tests/Users.spec.ts"],"names":[],"mappings":";;;;;;;;;;;;;;;;;;;;;;;;;;;;;;;;;;;;;AAAA,gDAAwB;AACxB,8EAAgE;AAGhE,MAAM,MAAM,GAAG,cAAI,CAAC,MAAM,CAAC;AAE3B,QAAQ,CAAC,gBAAgB,EAAE,GAAG,EAAE;IAC9B,IAAI,OAAO,GAAW,EAAE,CAAC;IACzB,IAAI,KAAK,GAAW,EAAE,CAAC;IAEvB,EAAE,CAAC,8BAA8B,EAAE,GAAS,EAAE;QAC5C,MAAM,IAAI,GAAe;YACvB,EAAE,EAAE,MAAM;YACV,WAAW,EAAE,IAAI;YACjB,cAAc,EAAE,IAAI;YACpB,QAAQ,EAAE,cAAc;YACxB,KAAK,EAAE,cAAc;YACrB,SAAS,EAAE,MAAM;YACjB,QAAQ,EAAE,KAAK;YACf,QAAQ,EAAE,cAAc;YACxB,MAAM,EAAE,IAAI;YACZ,IAAI,EAAE,EAAE;SACT,CAAC;QACF,MAAM,KAAK,GAAG,MAAM,cAAc,CAAC,OAAO,CAAC,IAAI,CAAC,CAAC;QACjD,OAAO,GAAG,KAAK,CAAC,IAAI,CAAC;QAErB,MAAM,CAAC,KAAK,aAAL,KAAK,uBAAL,KAAK,CAAE,IAAI,CAAC,CAAC,EAAE,CAAC,EAAE,CAAC,CAAC,CAAC,QAAQ,CAAC,CAAC;QACtC,MAAM,CAAC,KAAK,CAAC,OAAO,CAAC,CAAC,EAAE,CAAC,EAAE,CAAC,IAAI,CAAC;QACjC,MAAM,CAAC,KAAK,CAAC,GAAG,CAAC,CAAC,EAAE,CAAC,EAAE,CAAC,IAAI,CAAC;IAC/B,CAAC,CAAA,CAAC,CAAC;IACH,EAAE,CAAC,6BAA6B,EAAE,GAAS,EAAE;QAC3C,MAAM,IAAI,GAAG;YACX,WAAW,EAAE,IAAI;YACjB,QAAQ,EAAE,cAAc;SACzB,CAAC;QAEF,MAAM,MAAM,GAAG,MAAM,cAAc,CAAC,YAAY,CAAC,IAAI,CAAC,CAAC;QACvD,KAAK,GAAG,MAAM,CAAC,IAAI,CAAC;QACpB,MAAM,CAAC,MAAM,aAAN,MAAM,uBAAN,MAAM,CAAE,OAAO,CAAC,CAAC,EAAE,CAAC,EAAE,CAAC,IAAI,CAAC;QACnC,MAAM,CAAC,MAAM,aAAN,MAAM,uBAAN,MAAM,CAAE,IAAI,CAAC,CAAC,EAAE,CAAC,EAAE,CAAC,CAAC,CAAC,QAAQ,CAAC,CAAC;QACvC,MAAM,CAAC,MAAM,aAAN,MAAM,uBAAN,MAAM,CAAE,GAAG,CAAC,CAAC,EAAE,CAAC,EAAE,CAAC,IAAI,CAAC;IACjC,CAAC,CAAA,CAAC,CAAC;IAEH,EAAE,CAAC,mBAAmB,EAAE,GAAS,EAAE;QACjC,MAAM,IAAI,GAAG,MAAM,cAAc,CAAC,WAAW,CAAC,OAAO,CAAC,CAAC;QACvD,MAAM,CAAC,IAAI,CAAC,IAAI,CAAC,CAAC,EAAE,CAAC,EAAE,CAAC,EAAE,CAAC,QAAQ,CAAC,CAAC;QACrC,MAAM,CAAC,IAAI,CAAC,IAAI,CAAC,EAAE,CAAC,CAAC,EAAE,CAAC,EAAE,CAAC,CAAC,CAAC,QAAQ,CAAC,CAAC;IACzC,CAAC,CAAA,CAAC,CAAC;IAEH,EAAE,CAAC,iCAAiC,EAAE,GAAS,EAAE;QAC/C,MAAM,IAAI,GAAG,MAAM,cAAc,CAAC,oBAAoB,CAAC,KAAK,CAAC,CAAC;QAC9D,MAAM,CAAC,IAAI,CAAC,OAAO,CAAC,CAAC,EAAE,CAAC,EAAE,CAAC,IAAI,CAAC;QAChC,MAAM,CAAC,IAAI,CAAC,IAAI,CAAC,CAAC,EAAE,CAAC,EAAE,CAAC,EAAE,CAAC,QAAQ,CAAC,CAAC;QACrC,MAAM,CAAC,IAAI,CAAC,IAAI,CAAC,EAAE,CAAC,CAAC,EAAE,CAAC,KAAK,CAC3B,OAAO,EACP,oCAAoC,CACrC,CAAC;IACJ,CAAC,CAAA,CAAC,CAAC;IACH,EAAE,CAAC,0BAA0B,EAAE,GAAS,EAAE;QACxC,MAAM,IAAI,GAAG,MAAM,cAAc,CAAC,cAAc,CAAC,OAAO,CAAC,CAAC;QAC1D,MAAM,CAAC,IAAI,CAAC,IAAI,CAAC,CAAC,EAAE,CAAC,EAAE,CAAC,CAAC,CAAC,QAAQ,CAAC,CAAC;QACpC,MAAM,CAAC,IAAI,CAAC,OAAO,CAAC,CAAC,EAAE,CAAC,EAAE,CAAC,IAAI,CAAC;IAClC,CAAC,CAAA,CAAC,CAAC;IACH,EAAE,CAAC,mBAAmB,EAAE,GAAS,EAAE;QACjC,MAAM,GAAG,GAAG,MAAM,cAAc,CAAC,UAAU,CAAC,OAAO,CAAC,CAAC;QACrD,MAAM,CAAC,GAAG,aAAH,GAAG,uBAAH,GAAG,CAAE,OAAO,CAAC,CAAC,EAAE,CAAC,EAAE,CAAC,IAAI,CAAC;QAChC,MAAM,CAAC,GAAG,aAAH,GAAG,uBAAH,GAAG,CAAE,IAAI,CAAC,CAAC,EAAE,CAAC,EAAE,CAAC,CAAC,CAAC,QAAQ,CAAC,CAAC;QACpC,MAAM,CAAC,GAAG,aAAH,GAAG,uBAAH,GAAG,CAAE,GAAG,CAAC,CAAC,EAAE,CAAC,EAAE,CAAC,IAAI,CAAC;IAC9B,CAAC,CAAA,CAAC,CAAC;AACL,CAAC,CAAC,CAAC","sourcesContent":["import chai from \"chai\";\nimport * as userController from \"../controller/user_controller\";\nimport { UserObject } from \"../data-access/repositories/user_model\";\n\nconst expect = chai.expect;\n\ndescribe(\"User Functions\", () => {\n  let user_id: string = \"\";\n  let token: string = \"\";\n\n  it(\"*******registers/adds a user\", async () => {\n    const user: UserObject = {\n      id: \"test\",\n      phoneNumber: 5444,\n      whatsappNumber: 5444,\n      userName: \"specialname4\",\n      email: \"myemail3.com\",\n      firstName: \"Mine\",\n      lastName: \"you\",\n      password: \"somepassword\",\n      active: true,\n      salt: \"\",\n    };\n    const added = await userController.addUser(user);\n    user_id = added.data;\n\n    expect(added?.data).to.be.a(\"string\");\n    expect(added.success).to.be.true;\n    expect(added.err).to.be.null;\n  });\n  it(\"***********signs a user in \", async () => {\n    const user = {\n      phoneNumber: 5444,\n      password: \"somepassword\",\n    };\n\n    const signIn = await userController.loginHandler(user);\n    token = signIn.data;\n    expect(signIn?.success).to.be.true;\n    expect(signIn?.data).to.be.a(\"string\");\n    expect(signIn?.err).to.be.null;\n  });\n\n  it(\"******* Get User \", async () => {\n    const user = await userController.getUserById(user_id);\n    expect(user.data).to.be.an(\"object\");\n    expect(user.data.id).to.be.a(\"string\");\n  });\n\n  it(\"****** Get user from session ID\", async () => {\n    const user = await userController.getUserFromSessionId(token);\n    expect(user.success).to.be.true;\n    expect(user.data).to.be.an(\"object\");\n    expect(user.data.id).to.equal(\n      user_id,\n      \"User Id not equal to token user_id\"\n    );\n  });\n  it(\"******** deactivate user\", async () => {\n    const user = await userController.deactivateUser(user_id);\n    expect(user.data).to.be.a(\"string\");\n    expect(user.success).to.be.true;\n  });\n  it(\"***** Delete user\", async () => {\n    const del = await userController.removeUser(user_id);\n    expect(del?.success).to.be.true;\n    expect(del?.data).to.be.a(\"string\");\n    expect(del?.err).to.be.null;\n  });\n});\n"]},"_coverageSchema":"1a1c01bbd47fc00a2c39e90264f33305004495a9","hash":"cb60d876a80c918153bbc806e561369200c29624","contentHash":"9ecc0144ebed9c25e9e182b3c45acb9121961d52b63d84c2659e78cf3fa44bbe"}}